<?xml version="1.0" encoding="utf-8"?>
<CoverageSession xmlns:xsd="http://www.w3.org/2001/XMLSchema" xmlns:xsi="http://www.w3.org/2001/XMLSchema-instance" Version="4.6.0.0">
  <Summary numSequencePoints="387" visitedSequencePoints="233" numBranchPoints="166" visitedBranchPoints="114" sequenceCoverage="60.21" branchCoverage="68.67" maxCyclomaticComplexity="23" minCyclomaticComplexity="1" maxCrapScore="182" minCrapScore="1" visitedClasses="19" numClasses="22" visitedMethods="47" numMethods="78" />
  <Modules>
    <Module hash="5B-73-94-2A-38-D4-CB-24-F5-58-C8-33-B5-1F-20-B8-64-9F-44-A9">
      <Summary numSequencePoints="0" visitedSequencePoints="0" numBranchPoints="0" visitedBranchPoints="0" sequenceCoverage="0" branchCoverage="0" maxCyclomaticComplexity="0" minCyclomaticComplexity="0" maxCrapScore="0" minCrapScore="0" visitedClasses="0" numClasses="0" visitedMethods="0" numMethods="0" />
      <ModulePath>D:\Documents\Visual Studio 2017\Projects\LogbookApi\Code\LogbookApiTest\bin\Debug\LogbookApiTest.dll</ModulePath>
      <ModuleTime>2018-09-13T18:54:47.5601787Z</ModuleTime>
      <ModuleName>LogbookApiTest</ModuleName>
      <Files />
      <Classes />
      <TrackedMethods>
        <TrackedMethod uid="1" token="100663312" name="System.Void LogbookApiTest.Providers.AircraftProviderTests::ShouldReturnProvider()" strategy="NUnitTest" />
        <TrackedMethod uid="2" token="100663313" name="System.Void LogbookApiTest.Providers.AircraftProviderTests::ShouldThrowArgumentNullexceptionOnNullContext()" strategy="NUnitTest" />
        <TrackedMethod uid="3" token="100663314" name="System.Void LogbookApiTest.Providers.AircraftProviderTests::ShouldReturnNullOnNothingFoundId()" strategy="NUnitTest" />
        <TrackedMethod uid="4" token="100663315" name="System.Void LogbookApiTest.Providers.AircraftProviderTests::ShouldReturnAnAircraftOnValidId()" strategy="NUnitTest" />
        <TrackedMethod uid="5" token="100663316" name="System.Void LogbookApiTest.Providers.AircraftProviderTests::ShouldReturnNewAircraftOnSave()" strategy="NUnitTest" />
        <TrackedMethod uid="6" token="100663317" name="System.Void LogbookApiTest.Providers.AircraftProviderTests::ShouldReturnAnotherNewAircraftOnSave()" strategy="NUnitTest" />
        <TrackedMethod uid="7" token="100663318" name="System.Void LogbookApiTest.Providers.AircraftProviderTests::ShouldReturnExistingAircraftOnSave()" strategy="NUnitTest" />
        <TrackedMethod uid="8" token="100663327" name="System.Void LogbookApiTest.Providers.AirfieldProviderTests::ShouldReturnProvider()" strategy="NUnitTest" />
        <TrackedMethod uid="9" token="100663328" name="System.Void LogbookApiTest.Providers.AirfieldProviderTests::ShouldThrowArgumentNullexceptionOnNullContext()" strategy="NUnitTest" />
        <TrackedMethod uid="10" token="100663329" name="System.Void LogbookApiTest.Providers.AirfieldProviderTests::ShouldReturnNullOnNothingFoundId()" strategy="NUnitTest" />
        <TrackedMethod uid="11" token="100663330" name="System.Void LogbookApiTest.Providers.AirfieldProviderTests::ShouldReturnAnAirfieldOnValidId()" strategy="NUnitTest" />
        <TrackedMethod uid="12" token="100663331" name="System.Void LogbookApiTest.Providers.AirfieldProviderTests::ShouldReturnNewAirfieldOnSave()" strategy="NUnitTest" />
        <TrackedMethod uid="13" token="100663332" name="System.Void LogbookApiTest.Providers.AirfieldProviderTests::ShouldReturnAnotherNewAirfieldOnSave()" strategy="NUnitTest" />
        <TrackedMethod uid="14" token="100663333" name="System.Void LogbookApiTest.Providers.AirfieldProviderTests::ShouldReturnExistingAirfieldOnSave()" strategy="NUnitTest" />
        <TrackedMethod uid="15" token="100663346" name="System.Void LogbookApiTest.Providers.FlightProviderTests::ShouldReturnProvider()" strategy="NUnitTest" />
        <TrackedMethod uid="16" token="100663347" name="System.Void LogbookApiTest.Providers.FlightProviderTests::ShouldThrowArgumentNullexceptionOnNullContext()" strategy="NUnitTest" />
        <TrackedMethod uid="17" token="100663348" name="System.Void LogbookApiTest.Providers.FlightProviderTests::ShouldThrowArgumentNullexceptionOnNullAirfieldProvider()" strategy="NUnitTest" />
        <TrackedMethod uid="18" token="100663349" name="System.Void LogbookApiTest.Providers.FlightProviderTests::ShouldThrowArgumentNullexceptionOnNullAircraftProvider()" strategy="NUnitTest" />
        <TrackedMethod uid="19" token="100663350" name="System.Void LogbookApiTest.Providers.FlightProviderTests::ShouldReturnNullOnNothingFound()" strategy="NUnitTest" />
        <TrackedMethod uid="20" token="100663351" name="System.Void LogbookApiTest.Providers.FlightProviderTests::ShouldReturnFlight()" strategy="NUnitTest" />
        <TrackedMethod uid="21" token="100663352" name="System.Void LogbookApiTest.Providers.FlightProviderTests::ShouldThrowInvalidFilterException()" strategy="NUnitTest" />
        <TrackedMethod uid="22" token="100663353" name="System.Void LogbookApiTest.Providers.FlightProviderTests::ShouldReturnAnEmptyListOnNothingFoundNumber()" strategy="NUnitTest" />
        <TrackedMethod uid="23" token="100663354" name="System.Void LogbookApiTest.Providers.FlightProviderTests::ShouldReturnAListOfFlightsNumber()" strategy="NUnitTest" />
        <TrackedMethod uid="24" token="100663355" name="System.Void LogbookApiTest.Providers.FlightProviderTests::ShouldReturnAnEmptyListOnNothingFoundDate()" strategy="NUnitTest" />
        <TrackedMethod uid="25" token="100663356" name="System.Void LogbookApiTest.Providers.FlightProviderTests::ShouldReturnAListOfFlightsDate()" strategy="NUnitTest" />
        <TrackedMethod uid="26" token="100663357" name="System.Void LogbookApiTest.Providers.FlightProviderTests::ShouldReturnAnEmptyListOnNothingFoundAircraft()" strategy="NUnitTest" />
        <TrackedMethod uid="27" token="100663358" name="System.Void LogbookApiTest.Providers.FlightProviderTests::ShouldReturnAListOfFlightsAircraft()" strategy="NUnitTest" />
        <TrackedMethod uid="28" token="100663359" name="System.Void LogbookApiTest.Providers.FlightProviderTests::ShouldReturnAnEmptyListOnNothingFoundAirfield()" strategy="NUnitTest" />
        <TrackedMethod uid="29" token="100663360" name="System.Void LogbookApiTest.Providers.FlightProviderTests::ShouldReturnAListOfFlightsAirfield()" strategy="NUnitTest" />
        <TrackedMethod uid="30" token="100663361" name="System.Void LogbookApiTest.Providers.FlightProviderTests::ShouldReturnAnEmptyListOnNothingFoundLaunch()" strategy="NUnitTest" />
        <TrackedMethod uid="31" token="100663362" name="System.Void LogbookApiTest.Providers.FlightProviderTests::ShouldReturnAListOfFlightsLaunch()" strategy="NUnitTest" />
        <TrackedMethod uid="32" token="100663363" name="System.Void LogbookApiTest.Providers.FlightProviderTests::ShouldReturnAnEmptyListOnNothingFoundCrew()" strategy="NUnitTest" />
        <TrackedMethod uid="33" token="100663364" name="System.Void LogbookApiTest.Providers.FlightProviderTests::ShouldReturnAListOfFlightsCrew()" strategy="NUnitTest" />
        <TrackedMethod uid="34" token="100663365" name="System.Void LogbookApiTest.Providers.FlightProviderTests::ShouldReturnEmptyListOnFilterNumberandAircraft()" strategy="NUnitTest" />
        <TrackedMethod uid="35" token="100663366" name="System.Void LogbookApiTest.Providers.FlightProviderTests::ShouldReturnListOfFlightsOnFilterNumberandAircraft()" strategy="NUnitTest" />
        <TrackedMethod uid="36" token="100663367" name="System.Void LogbookApiTest.Providers.FlightProviderTests::ShouldReturnEmptyListOnFilterDateandAircraft()" strategy="NUnitTest" />
        <TrackedMethod uid="37" token="100663368" name="System.Void LogbookApiTest.Providers.FlightProviderTests::ShouldReturnListOfFlightsOnFilterDateandAircraft()" strategy="NUnitTest" />
        <TrackedMethod uid="38" token="100663369" name="System.Void LogbookApiTest.Providers.FlightProviderTests::ShouldReturnListOfFlightsOnFilterTrace()" strategy="NUnitTest" />
        <TrackedMethod uid="39" token="100663370" name="System.Void LogbookApiTest.Providers.FlightProviderTests::ShouldThrowArgumentNullExceptionOnNullFlight()" strategy="NUnitTest" />
        <TrackedMethod uid="40" token="100663371" name="System.Void LogbookApiTest.Providers.FlightProviderTests::ShouldThrowInvalidFlightExceptionOnSave()" strategy="NUnitTest" />
        <TrackedMethod uid="41" token="100663372" name="System.Void LogbookApiTest.Providers.FlightProviderTests::ShouldSaveFlight()" strategy="NUnitTest" />
        <TrackedMethod uid="42" token="100663373" name="System.Void LogbookApiTest.Providers.FlightProviderTests::ShouldGetLastPageNumber()" strategy="NUnitTest" />
        <TrackedMethod uid="43" token="100663387" name="System.Void LogbookApiTest.Providers.PageProviderTests::ShouldReturnProvider()" strategy="NUnitTest" />
        <TrackedMethod uid="44" token="100663388" name="System.Void LogbookApiTest.Providers.PageProviderTests::ShouldThrowArgumentNullexceptionOnNullContext()" strategy="NUnitTest" />
        <TrackedMethod uid="45" token="100663389" name="System.Void LogbookApiTest.Providers.PageProviderTests::ShouldReturnNullOnPageNotFound()" strategy="NUnitTest" />
        <TrackedMethod uid="46" token="100663390" name="System.Void LogbookApiTest.Providers.PageProviderTests::ShouldReturnPageOnPageFound()" strategy="NUnitTest" />
        <TrackedMethod uid="47" token="100663391" name="System.Void LogbookApiTest.Providers.PageProviderTests::ShouldThrowArgumentNullExceptionOnSaveWithNullPage()" strategy="NUnitTest" />
        <TrackedMethod uid="48" token="100663392" name="System.Void LogbookApiTest.Providers.PageProviderTests::ShouldThrowInvalidPageExceptionOnSaveWithInvalidpage()" strategy="NUnitTest" />
        <TrackedMethod uid="49" token="100663397" name="System.Void LogbookApiTest.Model.FlightFilterTests::ShouldReturnAFilter()" strategy="NUnitTest" />
        <TrackedMethod uid="50" token="100663398" name="System.Void LogbookApiTest.Model.FlightFilterTests::ShouldReturnAnInvalidFilter()" strategy="NUnitTest" />
        <TrackedMethod uid="51" token="100663399" name="System.Void LogbookApiTest.Model.FlightFilterTests::ShouldReturnAnInvalidFilterOnNumberAndDateCombined()" strategy="NUnitTest" />
        <TrackedMethod uid="52" token="100663400" name="System.Void LogbookApiTest.Model.FlightFilterTests::ShouldReturnAnInvalidFilterOnInvalidDateStartMissing()" strategy="NUnitTest" />
        <TrackedMethod uid="53" token="100663401" name="System.Void LogbookApiTest.Model.FlightFilterTests::ShouldReturnAnInvalidFilterOnInvalidDateEndMissing()" strategy="NUnitTest" />
        <TrackedMethod uid="54" token="100663402" name="System.Void LogbookApiTest.Model.FlightFilterTests::ShouldReturnAnInvalidFilterOnDateStartGreaterThanDateEnd()" strategy="NUnitTest" />
        <TrackedMethod uid="55" token="100663403" name="System.Void LogbookApiTest.Model.FlightFilterTests::ShouldReturnAValidFilterOnDateStartEqualDateEnd()" strategy="NUnitTest" />
        <TrackedMethod uid="56" token="100663404" name="System.Void LogbookApiTest.Model.FlightFilterTests::ShouldReturnAValidFilterOnDateStartLessThanDateEnd()" strategy="NUnitTest" />
        <TrackedMethod uid="57" token="100663405" name="System.Void LogbookApiTest.Model.FlightFilterTests::ShouldReturnAnInvalidFilterOnInvalidFlightStartMissing()" strategy="NUnitTest" />
        <TrackedMethod uid="58" token="100663406" name="System.Void LogbookApiTest.Model.FlightFilterTests::ShouldReturnAnInvalidFilterOnInvalidFlightEndMissing()" strategy="NUnitTest" />
        <TrackedMethod uid="59" token="100663407" name="System.Void LogbookApiTest.Model.FlightFilterTests::ShouldReturnAnInvalidFilterOnInvalidFlightStartEqualFlightEnd()" strategy="NUnitTest" />
        <TrackedMethod uid="60" token="100663408" name="System.Void LogbookApiTest.Model.FlightFilterTests::ShouldReturnAValidFilterOnFlightStartLessThanFlightEnd()" strategy="NUnitTest" />
        <TrackedMethod uid="61" token="100663409" name="System.Void LogbookApiTest.Model.FlightFilterTests::ShouldReturnAnInvalidFilterOnAircraftMissing()" strategy="NUnitTest" />
        <TrackedMethod uid="62" token="100663410" name="System.Void LogbookApiTest.Model.FlightFilterTests::ShouldReturnAnInvalidFilterOnAirfieldMissing()" strategy="NUnitTest" />
        <TrackedMethod uid="63" token="100663411" name="System.Void LogbookApiTest.Model.FlightFilterTests::ShouldReturnAnInvalidFilterOnInvalidCrewPosition(System.Int32)" strategy="NUnitTest" />
        <TrackedMethod uid="64" token="100663411" name="System.Void LogbookApiTest.Model.FlightFilterTests::ShouldReturnAnInvalidFilterOnInvalidCrewPosition(System.Int32)" strategy="NUnitTest" />
        <TrackedMethod uid="65" token="100663411" name="System.Void LogbookApiTest.Model.FlightFilterTests::ShouldReturnAnInvalidFilterOnInvalidCrewPosition(System.Int32)" strategy="NUnitTest" />
        <TrackedMethod uid="66" token="100663412" name="System.Void LogbookApiTest.Model.FlightFilterTests::ShouldReturnValidFilterOnValidCrewPosition(System.Int32)" strategy="NUnitTest" />
        <TrackedMethod uid="67" token="100663412" name="System.Void LogbookApiTest.Model.FlightFilterTests::ShouldReturnValidFilterOnValidCrewPosition(System.Int32)" strategy="NUnitTest" />
        <TrackedMethod uid="68" token="100663412" name="System.Void LogbookApiTest.Model.FlightFilterTests::ShouldReturnValidFilterOnValidCrewPosition(System.Int32)" strategy="NUnitTest" />
        <TrackedMethod uid="69" token="100663412" name="System.Void LogbookApiTest.Model.FlightFilterTests::ShouldReturnValidFilterOnValidCrewPosition(System.Int32)" strategy="NUnitTest" />
        <TrackedMethod uid="70" token="100663413" name="System.Void LogbookApiTest.Model.FlightFilterTests::ShouldReturnAnInvalidFilterOnMissingLaunchType()" strategy="NUnitTest" />
        <TrackedMethod uid="71" token="100663414" name="System.Void LogbookApiTest.Model.FlightFilterTests::ShouldReturnAValidFilterOnSuppliedLaunchType(System.String)" strategy="NUnitTest" />
        <TrackedMethod uid="72" token="100663414" name="System.Void LogbookApiTest.Model.FlightFilterTests::ShouldReturnAValidFilterOnSuppliedLaunchType(System.String)" strategy="NUnitTest" />
        <TrackedMethod uid="73" token="100663414" name="System.Void LogbookApiTest.Model.FlightFilterTests::ShouldReturnAValidFilterOnSuppliedLaunchType(System.String)" strategy="NUnitTest" />
        <TrackedMethod uid="74" token="100663421" name="System.Void LogbookApiTest.Controllers.FlightControllerTests::ShouldThrowArgumentNullExceptionOnMissingFlightProvider()" strategy="NUnitTest" />
        <TrackedMethod uid="75" token="100663422" name="System.Void LogbookApiTest.Controllers.FlightControllerTests::ShouldReturnAFlightController()" strategy="NUnitTest" />
        <TrackedMethod uid="76" token="100663423" name="System.Void LogbookApiTest.Controllers.FlightControllerTests::ShouldReturnNotFoundOnFlightNumberNotFound(System.Int32)" strategy="NUnitTest" />
        <TrackedMethod uid="77" token="100663423" name="System.Void LogbookApiTest.Controllers.FlightControllerTests::ShouldReturnNotFoundOnFlightNumberNotFound(System.Int32)" strategy="NUnitTest" />
        <TrackedMethod uid="78" token="100663423" name="System.Void LogbookApiTest.Controllers.FlightControllerTests::ShouldReturnNotFoundOnFlightNumberNotFound(System.Int32)" strategy="NUnitTest" />
        <TrackedMethod uid="79" token="100663424" name="System.Void LogbookApiTest.Controllers.FlightControllerTests::ShouldReturnBadRequestOnNullFilter()" strategy="NUnitTest" />
        <TrackedMethod uid="80" token="100663425" name="System.Void LogbookApiTest.Controllers.FlightControllerTests::ShouldReturnBadRequestOnInvalidFilter()" strategy="NUnitTest" />
        <TrackedMethod uid="81" token="100663426" name="System.Void LogbookApiTest.Controllers.FlightControllerTests::ShouldReturnNotFoundOnFilter()" strategy="NUnitTest" />
        <TrackedMethod uid="82" token="100663427" name="System.Void LogbookApiTest.Controllers.FlightControllerTests::ShouldReturnListOfFlightsOnFilter()" strategy="NUnitTest" />
        <TrackedMethod uid="83" token="100663428" name="System.Void LogbookApiTest.Controllers.FlightControllerTests::ShouldReturnOneFlight()" strategy="NUnitTest" />
        <TrackedMethod uid="84" token="100663429" name="System.Void LogbookApiTest.Controllers.FlightControllerTests::ShouldReturnBadRequestOnNullInput()" strategy="NUnitTest" />
        <TrackedMethod uid="85" token="100663430" name="System.Void LogbookApiTest.Controllers.FlightControllerTests::ShouldReturnCreatedResult()" strategy="NUnitTest" />
        <TrackedMethod uid="86" token="100663431" name="System.Void LogbookApiTest.Controllers.FlightControllerTests::ShouldReturnCreatedFlight()" strategy="NUnitTest" />
      </TrackedMethods>
    </Module>
    <Module hash="7E-48-32-16-D4-DB-85-B7-4C-5E-CE-17-77-3E-05-F8-71-F2-95-EE">
      <Summary numSequencePoints="266" visitedSequencePoints="205" numBranchPoints="118" visitedBranchPoints="100" sequenceCoverage="77.07" branchCoverage="84.75" maxCyclomaticComplexity="16" minCyclomaticComplexity="1" maxCrapScore="19.47" minCrapScore="2" visitedClasses="16" numClasses="19" visitedMethods="44" numMethods="54" />
      <ModulePath>D:\Documents\Visual Studio 2017\Projects\LogbookApi\Code\LogbookApiTest\bin\Debug\LogbookApi.dll</ModulePath>
      <ModuleTime>2018-09-13T18:54:46.503894Z</ModuleTime>
      <ModuleName>LogbookApi</ModuleName>
      <Files>
        <File uid="1" fullPath="D:\Documents\Visual Studio 2017\Projects\LogbookApi\Code\LogbookApi\Startup.cs" />
        <File uid="3" fullPath="D:\Documents\Visual Studio 2017\Projects\LogbookApi\Code\LogbookApi\Providers\Implementation\AircraftProvider.cs" />
        <File uid="4" fullPath="D:\Documents\Visual Studio 2017\Projects\LogbookApi\Code\LogbookApi\Providers\Implementation\AirfieldProvider.cs" />
        <File uid="5" fullPath="D:\Documents\Visual Studio 2017\Projects\LogbookApi\Code\LogbookApi\Providers\Implementation\FlightProvider.cs" />
        <File uid="13" fullPath="D:\Documents\Visual Studio 2017\Projects\LogbookApi\Code\LogbookApi\Providers\Implementation\PageProvider.cs" />
        <File uid="14" fullPath="D:\Documents\Visual Studio 2017\Projects\LogbookApi\Code\LogbookApi\Models\FlightFilter.cs" />
        <File uid="15" fullPath="D:\Documents\Visual Studio 2017\Projects\LogbookApi\Code\LogbookApi\Exceptions\InvalidFilterException.cs" />
        <File uid="16" fullPath="D:\Documents\Visual Studio 2017\Projects\LogbookApi\Code\LogbookApi\Exceptions\InvalidFlightException.cs" />
        <File uid="17" fullPath="D:\Documents\Visual Studio 2017\Projects\LogbookApi\Code\LogbookApi\Exceptions\InvalidPageException.cs" />
        <File uid="18" fullPath="D:\Documents\Visual Studio 2017\Projects\LogbookApi\Code\LogbookApi\Controllers\FlightController.cs" />
        <File uid="19" fullPath="D:\Documents\Visual Studio 2017\Projects\LogbookApi\Code\LogbookApi\Controllers\PageController.cs" />
      </Files>
      <Classes>
        <Class>
          <Summary numSequencePoints="9" visitedSequencePoints="0" numBranchPoints="1" visitedBranchPoints="0" sequenceCoverage="0" branchCoverage="0" maxCyclomaticComplexity="2" minCyclomaticComplexity="1" maxCrapScore="6" minCrapScore="2" visitedClasses="0" numClasses="1" visitedMethods="0" numMethods="1" />
          <FullName>LogbookApi.Startup</FullName>
          <Methods>
            <Method visited="false" cyclomaticComplexity="2" nPathComplexity="0" sequenceCoverage="0" branchCoverage="0" crapScore="6" isConstructor="false" isStatic="false" isGetter="false" isSetter="false">
              <Summary numSequencePoints="9" visitedSequencePoints="0" numBranchPoints="1" visitedBranchPoints="0" sequenceCoverage="0" branchCoverage="0" maxCyclomaticComplexity="2" minCyclomaticComplexity="2" maxCrapScore="6" minCrapScore="6" visitedClasses="0" numClasses="0" visitedMethods="0" numMethods="1" />
              <MetadataToken>100663302</MetadataToken>
              <Name>System.Void LogbookApi.Startup::Configuration(Owin.IAppBuilder)</Name>
              <FileRef uid="1" />
              <SequencePoints>
                <SequencePoint vc="0" uspid="1" ordinal="0" offset="0" sl="13" sc="9" el="13" ec="10" bec="0" bev="0" fileid="1" />
                <SequencePoint vc="0" uspid="2" ordinal="1" offset="1" sl="14" sc="13" el="14" ec="123" bec="0" bev="0" fileid="1" />
                <SequencePoint vc="0" uspid="3" ordinal="2" offset="15" sl="16" sc="13" el="16" ec="56" bec="0" bev="0" fileid="1" />
                <SequencePoint vc="0" uspid="4" ordinal="3" offset="22" sl="18" sc="13" el="26" ec="49" bec="0" bev="0" fileid="1" />
                <SequencePoint vc="0" uspid="5" ordinal="4" offset="66" sl="28" sc="13" el="28" ec="93" bec="0" bev="0" fileid="1" />
                <SequencePoint vc="0" uspid="6" ordinal="5" offset="77" sl="29" sc="13" el="29" ec="96" bec="0" bev="0" fileid="1" />
                <SequencePoint vc="0" uspid="7" ordinal="6" offset="90" sl="30" sc="13" el="30" ec="47" bec="0" bev="0" fileid="1" />
                <SequencePoint vc="0" uspid="8" ordinal="7" offset="102" sl="31" sc="13" el="31" ec="46" bec="0" bev="0" fileid="1" />
                <SequencePoint vc="0" uspid="9" ordinal="8" offset="110" sl="32" sc="9" el="32" ec="10" bec="0" bev="0" fileid="1" />
              </SequencePoints>
              <BranchPoints />
              <MethodPoint xsi:type="SequencePoint" vc="0" uspid="1" ordinal="0" offset="0" sl="13" sc="9" el="13" ec="10" bec="0" bev="0" fileid="1" />
            </Method>
            <Method visited="false" cyclomaticComplexity="1" nPathComplexity="0" sequenceCoverage="0" branchCoverage="0" crapScore="2" isConstructor="true" isStatic="false" isGetter="false" isSetter="false">
              <Summary numSequencePoints="0" visitedSequencePoints="0" numBranchPoints="0" visitedBranchPoints="0" sequenceCoverage="0" branchCoverage="0" maxCyclomaticComplexity="1" minCyclomaticComplexity="1" maxCrapScore="2" minCrapScore="2" visitedClasses="0" numClasses="0" visitedMethods="0" numMethods="0" />
              <MetadataToken>100663303</MetadataToken>
              <Name>System.Void LogbookApi.Startup::.ctor()</Name>
              <SequencePoints />
              <BranchPoints />
              <MethodPoint vc="0" uspid="12" ordinal="0" offset="0" />
            </Method>
          </Methods>
        </Class>
        <Class>
          <Summary numSequencePoints="4" visitedSequencePoints="0" numBranchPoints="1" visitedBranchPoints="0" sequenceCoverage="0" branchCoverage="0" maxCyclomaticComplexity="1" minCyclomaticComplexity="1" maxCrapScore="2" minCrapScore="2" visitedClasses="0" numClasses="1" visitedMethods="0" numMethods="1" />
          <FullName>LogbookApi.Startup/&lt;&gt;c</FullName>
          <Methods>
            <Method visited="false" cyclomaticComplexity="1" nPathComplexity="0" sequenceCoverage="0" branchCoverage="0" crapScore="2" isConstructor="true" isStatic="true" isGetter="false" isSetter="false">
              <Summary numSequencePoints="0" visitedSequencePoints="0" numBranchPoints="0" visitedBranchPoints="0" sequenceCoverage="0" branchCoverage="0" maxCyclomaticComplexity="1" minCyclomaticComplexity="1" maxCrapScore="2" minCrapScore="2" visitedClasses="0" numClasses="0" visitedMethods="0" numMethods="0" />
              <MetadataToken>100663384</MetadataToken>
              <Name>System.Void LogbookApi.Startup/&lt;&gt;c::.cctor()</Name>
              <SequencePoints />
              <BranchPoints />
              <MethodPoint vc="0" uspid="13" ordinal="0" offset="0" />
            </Method>
            <Method visited="false" cyclomaticComplexity="1" nPathComplexity="0" sequenceCoverage="0" branchCoverage="0" crapScore="2" isConstructor="true" isStatic="false" isGetter="false" isSetter="false">
              <Summary numSequencePoints="0" visitedSequencePoints="0" numBranchPoints="0" visitedBranchPoints="0" sequenceCoverage="0" branchCoverage="0" maxCyclomaticComplexity="1" minCyclomaticComplexity="1" maxCrapScore="2" minCrapScore="2" visitedClasses="0" numClasses="0" visitedMethods="0" numMethods="0" />
              <MetadataToken>100663385</MetadataToken>
              <Name>System.Void LogbookApi.Startup/&lt;&gt;c::.ctor()</Name>
              <SequencePoints />
              <BranchPoints />
              <MethodPoint vc="0" uspid="14" ordinal="0" offset="0" />
            </Method>
            <Method visited="false" cyclomaticComplexity="1" nPathComplexity="0" sequenceCoverage="0" branchCoverage="0" crapScore="2" isConstructor="false" isStatic="false" isGetter="false" isSetter="false">
              <Summary numSequencePoints="4" visitedSequencePoints="0" numBranchPoints="1" visitedBranchPoints="0" sequenceCoverage="0" branchCoverage="0" maxCyclomaticComplexity="1" minCyclomaticComplexity="1" maxCrapScore="2" minCrapScore="2" visitedClasses="0" numClasses="0" visitedMethods="0" numMethods="1" />
              <MetadataToken>100663386</MetadataToken>
              <Name>System.Void LogbookApi.Startup/&lt;&gt;c::&lt;Configuration&gt;b__0_0(Swashbuckle.Application.SwaggerDocsConfig)</Name>
              <FileRef uid="1" />
              <SequencePoints>
                <SequencePoint vc="0" uspid="15" ordinal="0" offset="0" sl="19" sc="45" el="19" ec="46" bec="0" bev="0" fileid="1" />
                <SequencePoint vc="0" uspid="16" ordinal="1" offset="1" sl="20" sc="49" el="20" ec="99" bec="0" bev="0" fileid="1" />
                <SequencePoint vc="0" uspid="17" ordinal="2" offset="8" sl="21" sc="49" el="21" ec="108" bec="0" bev="0" fileid="1" />
                <SequencePoint vc="0" uspid="18" ordinal="3" offset="25" sl="25" sc="45" el="25" ec="46" bec="0" bev="0" fileid="1" />
              </SequencePoints>
              <BranchPoints />
              <MethodPoint xsi:type="SequencePoint" vc="0" uspid="15" ordinal="0" offset="0" sl="19" sc="45" el="19" ec="46" bec="0" bev="0" fileid="1" />
            </Method>
          </Methods>
        </Class>
        <Class>
          <Summary numSequencePoints="20" visitedSequencePoints="17" numBranchPoints="6" visitedBranchPoints="5" sequenceCoverage="85" branchCoverage="83.33" maxCyclomaticComplexity="2" minCyclomaticComplexity="1" maxCrapScore="2" minCrapScore="1" visitedClasses="1" numClasses="1" visitedMethods="3" numMethods="4" />
          <FullName>LogbookApi.Providers.Implementation.AircraftProvider</FullName>
          <Methods>
            <Method visited="true" cyclomaticComplexity="1" nPathComplexity="0" sequenceCoverage="100" branchCoverage="100" crapScore="1" isConstructor="true" isStatic="false" isGetter="false" isSetter="false">
              <Summary numSequencePoints="5" visitedSequencePoints="5" numBranchPoints="1" visitedBranchPoints="1" sequenceCoverage="100" branchCoverage="100" maxCyclomaticComplexity="1" minCyclomaticComplexity="1" maxCrapScore="1" minCrapScore="1" visitedClasses="0" numClasses="0" visitedMethods="1" numMethods="1" />
              <MetadataToken>100663315</MetadataToken>
              <Name>System.Void LogbookApi.Providers.Implementation.AircraftProvider::.ctor(LogbookApi.Database.jetstrea_LogbookEntities)</Name>
              <FileRef uid="3" />
              <SequencePoints>
                <SequencePoint vc="7" uspid="19" ordinal="0" offset="0" sl="12" sc="9" el="12" ec="66" bec="0" bev="0" fileid="3">
                  <TrackedMethodRefs>
                    <TrackedMethodRef uid="4" vc="1" />
                    <TrackedMethodRef uid="6" vc="1" />
                    <TrackedMethodRef uid="7" vc="1" />
                    <TrackedMethodRef uid="5" vc="1" />
                    <TrackedMethodRef uid="3" vc="1" />
                    <TrackedMethodRef uid="1" vc="1" />
                    <TrackedMethodRef uid="2" vc="1" />
                  </TrackedMethodRefs>
                </SequencePoint>
                <SequencePoint vc="7" uspid="20" ordinal="1" offset="7" sl="13" sc="9" el="13" ec="10" bec="0" bev="0" fileid="3">
                  <TrackedMethodRefs>
                    <TrackedMethodRef uid="4" vc="1" />
                    <TrackedMethodRef uid="6" vc="1" />
                    <TrackedMethodRef uid="7" vc="1" />
                    <TrackedMethodRef uid="5" vc="1" />
                    <TrackedMethodRef uid="3" vc="1" />
                    <TrackedMethodRef uid="1" vc="1" />
                    <TrackedMethodRef uid="2" vc="1" />
                  </TrackedMethodRefs>
                </SequencePoint>
                <SequencePoint vc="7" uspid="21" ordinal="2" offset="8" sl="14" sc="13" el="14" ec="70" bec="0" bev="0" fileid="3">
                  <TrackedMethodRefs>
                    <TrackedMethodRef uid="4" vc="1" />
                    <TrackedMethodRef uid="6" vc="1" />
                    <TrackedMethodRef uid="7" vc="1" />
                    <TrackedMethodRef uid="5" vc="1" />
                    <TrackedMethodRef uid="3" vc="1" />
                    <TrackedMethodRef uid="1" vc="1" />
                    <TrackedMethodRef uid="2" vc="1" />
                  </TrackedMethodRefs>
                </SequencePoint>
                <SequencePoint vc="6" uspid="22" ordinal="3" offset="25" sl="15" sc="13" el="15" ec="32" bec="0" bev="0" fileid="3">
                  <TrackedMethodRefs>
                    <TrackedMethodRef uid="4" vc="1" />
                    <TrackedMethodRef uid="6" vc="1" />
                    <TrackedMethodRef uid="7" vc="1" />
                    <TrackedMethodRef uid="5" vc="1" />
                    <TrackedMethodRef uid="3" vc="1" />
                    <TrackedMethodRef uid="1" vc="1" />
                  </TrackedMethodRefs>
                </SequencePoint>
                <SequencePoint vc="6" uspid="23" ordinal="4" offset="32" sl="16" sc="9" el="16" ec="10" bec="0" bev="0" fileid="3">
                  <TrackedMethodRefs>
                    <TrackedMethodRef uid="4" vc="1" />
                    <TrackedMethodRef uid="6" vc="1" />
                    <TrackedMethodRef uid="7" vc="1" />
                    <TrackedMethodRef uid="5" vc="1" />
                    <TrackedMethodRef uid="3" vc="1" />
                    <TrackedMethodRef uid="1" vc="1" />
                  </TrackedMethodRefs>
                </SequencePoint>
              </SequencePoints>
              <BranchPoints />
              <MethodPoint xsi:type="SequencePoint" vc="7" uspid="19" ordinal="0" offset="0" sl="12" sc="9" el="12" ec="66" bec="0" bev="0" fileid="3">
                <TrackedMethodRefs>
                  <TrackedMethodRef uid="4" vc="1" />
                  <TrackedMethodRef uid="6" vc="1" />
                  <TrackedMethodRef uid="7" vc="1" />
                  <TrackedMethodRef uid="5" vc="1" />
                  <TrackedMethodRef uid="3" vc="1" />
                  <TrackedMethodRef uid="1" vc="1" />
                  <TrackedMethodRef uid="2" vc="1" />
                </TrackedMethodRefs>
              </MethodPoint>
            </Method>
            <Method visited="false" cyclomaticComplexity="1" nPathComplexity="0" sequenceCoverage="0" branchCoverage="0" crapScore="2" isConstructor="false" isStatic="false" isGetter="false" isSetter="false">
              <Summary numSequencePoints="3" visitedSequencePoints="0" numBranchPoints="1" visitedBranchPoints="0" sequenceCoverage="0" branchCoverage="0" maxCyclomaticComplexity="1" minCyclomaticComplexity="1" maxCrapScore="2" minCrapScore="2" visitedClasses="0" numClasses="0" visitedMethods="0" numMethods="1" />
              <MetadataToken>100663316</MetadataToken>
              <Name>System.Collections.Generic.IEnumerable`1&lt;LogbookApi.Database.Aircraft&gt; LogbookApi.Providers.Implementation.AircraftProvider::Get()</Name>
              <FileRef uid="3" />
              <SequencePoints>
                <SequencePoint vc="0" uspid="24" ordinal="0" offset="0" sl="18" sc="9" el="18" ec="10" bec="0" bev="0" fileid="3" />
                <SequencePoint vc="0" uspid="25" ordinal="1" offset="1" sl="19" sc="13" el="19" ec="47" bec="0" bev="0" fileid="3" />
                <SequencePoint vc="0" uspid="26" ordinal="2" offset="20" sl="20" sc="9" el="20" ec="10" bec="0" bev="0" fileid="3" />
              </SequencePoints>
              <BranchPoints />
              <MethodPoint xsi:type="SequencePoint" vc="0" uspid="24" ordinal="0" offset="0" sl="18" sc="9" el="18" ec="10" bec="0" bev="0" fileid="3" />
            </Method>
            <Method visited="true" cyclomaticComplexity="1" nPathComplexity="0" sequenceCoverage="100" branchCoverage="100" crapScore="1" isConstructor="false" isStatic="false" isGetter="false" isSetter="false">
              <Summary numSequencePoints="3" visitedSequencePoints="3" numBranchPoints="1" visitedBranchPoints="1" sequenceCoverage="100" branchCoverage="100" maxCyclomaticComplexity="1" minCyclomaticComplexity="1" maxCrapScore="1" minCrapScore="1" visitedClasses="0" numClasses="0" visitedMethods="1" numMethods="1" />
              <MetadataToken>100663317</MetadataToken>
              <Name>LogbookApi.Database.Aircraft LogbookApi.Providers.Implementation.AircraftProvider::Get(System.Int32)</Name>
              <FileRef uid="3" />
              <SequencePoints>
                <SequencePoint vc="2" uspid="27" ordinal="0" offset="0" sl="23" sc="9" el="23" ec="10" bec="0" bev="0" fileid="3">
                  <TrackedMethodRefs>
                    <TrackedMethodRef uid="4" vc="1" />
                    <TrackedMethodRef uid="3" vc="1" />
                  </TrackedMethodRefs>
                </SequencePoint>
                <SequencePoint vc="2" uspid="28" ordinal="1" offset="1" sl="24" sc="13" el="24" ec="47" bec="0" bev="0" fileid="3">
                  <TrackedMethodRefs>
                    <TrackedMethodRef uid="4" vc="1" />
                    <TrackedMethodRef uid="3" vc="1" />
                  </TrackedMethodRefs>
                </SequencePoint>
                <SequencePoint vc="2" uspid="29" ordinal="2" offset="35" sl="25" sc="9" el="25" ec="10" bec="0" bev="0" fileid="3">
                  <TrackedMethodRefs>
                    <TrackedMethodRef uid="4" vc="1" />
                    <TrackedMethodRef uid="3" vc="1" />
                  </TrackedMethodRefs>
                </SequencePoint>
              </SequencePoints>
              <BranchPoints />
              <MethodPoint xsi:type="SequencePoint" vc="2" uspid="27" ordinal="0" offset="0" sl="23" sc="9" el="23" ec="10" bec="0" bev="0" fileid="3">
                <TrackedMethodRefs>
                  <TrackedMethodRef uid="4" vc="1" />
                  <TrackedMethodRef uid="3" vc="1" />
                </TrackedMethodRefs>
              </MethodPoint>
            </Method>
            <Method visited="true" cyclomaticComplexity="2" nPathComplexity="2" sequenceCoverage="100" branchCoverage="100" crapScore="2" isConstructor="false" isStatic="false" isGetter="false" isSetter="false">
              <Summary numSequencePoints="9" visitedSequencePoints="9" numBranchPoints="3" visitedBranchPoints="3" sequenceCoverage="100" branchCoverage="100" maxCyclomaticComplexity="2" minCyclomaticComplexity="2" maxCrapScore="2" minCrapScore="2" visitedClasses="0" numClasses="0" visitedMethods="1" numMethods="1" />
              <MetadataToken>100663318</MetadataToken>
              <Name>LogbookApi.Database.Aircraft LogbookApi.Providers.Implementation.AircraftProvider::Save(LogbookApi.Database.Aircraft)</Name>
              <FileRef uid="3" />
              <SequencePoints>
                <SequencePoint vc="3" uspid="30" ordinal="0" offset="0" sl="28" sc="9" el="28" ec="10" bec="0" bev="0" fileid="3">
                  <TrackedMethodRefs>
                    <TrackedMethodRef uid="6" vc="1" />
                    <TrackedMethodRef uid="7" vc="1" />
                    <TrackedMethodRef uid="5" vc="1" />
                  </TrackedMethodRefs>
                </SequencePoint>
                <SequencePoint vc="3" uspid="31" ordinal="1" offset="1" sl="29" sc="13" el="29" ec="32" bec="2" bev="2" fileid="3">
                  <TrackedMethodRefs>
                    <TrackedMethodRef uid="6" vc="1" />
                    <TrackedMethodRef uid="7" vc="1" />
                    <TrackedMethodRef uid="5" vc="1" />
                  </TrackedMethodRefs>
                </SequencePoint>
                <SequencePoint vc="2" uspid="32" ordinal="2" offset="14" sl="30" sc="13" el="30" ec="14" bec="0" bev="0" fileid="3">
                  <TrackedMethodRefs>
                    <TrackedMethodRef uid="6" vc="1" />
                    <TrackedMethodRef uid="5" vc="1" />
                  </TrackedMethodRefs>
                </SequencePoint>
                <SequencePoint vc="2" uspid="33" ordinal="3" offset="15" sl="31" sc="17" el="31" ec="63" bec="0" bev="0" fileid="3">
                  <TrackedMethodRefs>
                    <TrackedMethodRef uid="6" vc="1" />
                    <TrackedMethodRef uid="5" vc="1" />
                  </TrackedMethodRefs>
                </SequencePoint>
                <SequencePoint vc="2" uspid="34" ordinal="4" offset="45" sl="32" sc="17" el="32" ec="62" bec="0" bev="0" fileid="3">
                  <TrackedMethodRefs>
                    <TrackedMethodRef uid="6" vc="1" />
                    <TrackedMethodRef uid="5" vc="1" />
                  </TrackedMethodRefs>
                </SequencePoint>
                <SequencePoint vc="2" uspid="35" ordinal="5" offset="63" sl="33" sc="17" el="33" ec="40" bec="0" bev="0" fileid="3">
                  <TrackedMethodRefs>
                    <TrackedMethodRef uid="6" vc="1" />
                    <TrackedMethodRef uid="5" vc="1" />
                  </TrackedMethodRefs>
                </SequencePoint>
                <SequencePoint vc="2" uspid="36" ordinal="6" offset="75" sl="34" sc="17" el="34" ec="33" bec="0" bev="0" fileid="3">
                  <TrackedMethodRefs>
                    <TrackedMethodRef uid="6" vc="1" />
                    <TrackedMethodRef uid="5" vc="1" />
                  </TrackedMethodRefs>
                </SequencePoint>
                <SequencePoint vc="1" uspid="37" ordinal="7" offset="79" sl="37" sc="13" el="37" ec="27" bec="0" bev="0" fileid="3">
                  <TrackedMethodRefs>
                    <TrackedMethodRef uid="7" vc="1" />
                  </TrackedMethodRefs>
                </SequencePoint>
                <SequencePoint vc="3" uspid="38" ordinal="8" offset="83" sl="38" sc="9" el="38" ec="10" bec="0" bev="0" fileid="3">
                  <TrackedMethodRefs>
                    <TrackedMethodRef uid="6" vc="1" />
                    <TrackedMethodRef uid="7" vc="1" />
                    <TrackedMethodRef uid="5" vc="1" />
                  </TrackedMethodRefs>
                </SequencePoint>
              </SequencePoints>
              <BranchPoints>
                <BranchPoint vc="2" uspid="39" ordinal="0" offset="12" sl="29" path="0" offsetend="14" fileid="3">
                  <TrackedMethodRefs>
                    <TrackedMethodRef uid="6" vc="1" />
                    <TrackedMethodRef uid="5" vc="1" />
                  </TrackedMethodRefs>
                </BranchPoint>
                <BranchPoint vc="1" uspid="40" ordinal="1" offset="12" sl="29" path="1" offsetend="79" fileid="3">
                  <TrackedMethodRefs>
                    <TrackedMethodRef uid="7" vc="1" />
                  </TrackedMethodRefs>
                </BranchPoint>
              </BranchPoints>
              <MethodPoint xsi:type="SequencePoint" vc="3" uspid="30" ordinal="0" offset="0" sl="28" sc="9" el="28" ec="10" bec="0" bev="0" fileid="3">
                <TrackedMethodRefs>
                  <TrackedMethodRef uid="6" vc="1" />
                  <TrackedMethodRef uid="7" vc="1" />
                  <TrackedMethodRef uid="5" vc="1" />
                </TrackedMethodRefs>
              </MethodPoint>
            </Method>
          </Methods>
        </Class>
        <Class>
          <Summary numSequencePoints="20" visitedSequencePoints="17" numBranchPoints="6" visitedBranchPoints="5" sequenceCoverage="85" branchCoverage="83.33" maxCyclomaticComplexity="2" minCyclomaticComplexity="1" maxCrapScore="2" minCrapScore="1" visitedClasses="1" numClasses="1" visitedMethods="3" numMethods="4" />
          <FullName>LogbookApi.Providers.Implementation.AirfieldProvider</FullName>
          <Methods>
            <Method visited="true" cyclomaticComplexity="1" nPathComplexity="0" sequenceCoverage="100" branchCoverage="100" crapScore="1" isConstructor="true" isStatic="false" isGetter="false" isSetter="false">
              <Summary numSequencePoints="5" visitedSequencePoints="5" numBranchPoints="1" visitedBranchPoints="1" sequenceCoverage="100" branchCoverage="100" maxCyclomaticComplexity="1" minCyclomaticComplexity="1" maxCrapScore="1" minCrapScore="1" visitedClasses="0" numClasses="0" visitedMethods="1" numMethods="1" />
              <MetadataToken>100663319</MetadataToken>
              <Name>System.Void LogbookApi.Providers.Implementation.AirfieldProvider::.ctor(LogbookApi.Database.jetstrea_LogbookEntities)</Name>
              <FileRef uid="4" />
              <SequencePoints>
                <SequencePoint vc="7" uspid="41" ordinal="0" offset="0" sl="12" sc="9" el="12" ec="66" bec="0" bev="0" fileid="4">
                  <TrackedMethodRefs>
                    <TrackedMethodRef uid="11" vc="1" />
                    <TrackedMethodRef uid="13" vc="1" />
                    <TrackedMethodRef uid="14" vc="1" />
                    <TrackedMethodRef uid="12" vc="1" />
                    <TrackedMethodRef uid="10" vc="1" />
                    <TrackedMethodRef uid="8" vc="1" />
                    <TrackedMethodRef uid="9" vc="1" />
                  </TrackedMethodRefs>
                </SequencePoint>
                <SequencePoint vc="7" uspid="42" ordinal="1" offset="7" sl="13" sc="9" el="13" ec="10" bec="0" bev="0" fileid="4">
                  <TrackedMethodRefs>
                    <TrackedMethodRef uid="11" vc="1" />
                    <TrackedMethodRef uid="13" vc="1" />
                    <TrackedMethodRef uid="14" vc="1" />
                    <TrackedMethodRef uid="12" vc="1" />
                    <TrackedMethodRef uid="10" vc="1" />
                    <TrackedMethodRef uid="8" vc="1" />
                    <TrackedMethodRef uid="9" vc="1" />
                  </TrackedMethodRefs>
                </SequencePoint>
                <SequencePoint vc="7" uspid="43" ordinal="2" offset="8" sl="14" sc="13" el="14" ec="70" bec="0" bev="0" fileid="4">
                  <TrackedMethodRefs>
                    <TrackedMethodRef uid="11" vc="1" />
                    <TrackedMethodRef uid="13" vc="1" />
                    <TrackedMethodRef uid="14" vc="1" />
                    <TrackedMethodRef uid="12" vc="1" />
                    <TrackedMethodRef uid="10" vc="1" />
                    <TrackedMethodRef uid="8" vc="1" />
                    <TrackedMethodRef uid="9" vc="1" />
                  </TrackedMethodRefs>
                </SequencePoint>
                <SequencePoint vc="6" uspid="44" ordinal="3" offset="25" sl="15" sc="13" el="15" ec="32" bec="0" bev="0" fileid="4">
                  <TrackedMethodRefs>
                    <TrackedMethodRef uid="11" vc="1" />
                    <TrackedMethodRef uid="13" vc="1" />
                    <TrackedMethodRef uid="14" vc="1" />
                    <TrackedMethodRef uid="12" vc="1" />
                    <TrackedMethodRef uid="10" vc="1" />
                    <TrackedMethodRef uid="8" vc="1" />
                  </TrackedMethodRefs>
                </SequencePoint>
                <SequencePoint vc="6" uspid="45" ordinal="4" offset="32" sl="16" sc="9" el="16" ec="10" bec="0" bev="0" fileid="4">
                  <TrackedMethodRefs>
                    <TrackedMethodRef uid="11" vc="1" />
                    <TrackedMethodRef uid="13" vc="1" />
                    <TrackedMethodRef uid="14" vc="1" />
                    <TrackedMethodRef uid="12" vc="1" />
                    <TrackedMethodRef uid="10" vc="1" />
                    <TrackedMethodRef uid="8" vc="1" />
                  </TrackedMethodRefs>
                </SequencePoint>
              </SequencePoints>
              <BranchPoints />
              <MethodPoint xsi:type="SequencePoint" vc="7" uspid="41" ordinal="0" offset="0" sl="12" sc="9" el="12" ec="66" bec="0" bev="0" fileid="4">
                <TrackedMethodRefs>
                  <TrackedMethodRef uid="11" vc="1" />
                  <TrackedMethodRef uid="13" vc="1" />
                  <TrackedMethodRef uid="14" vc="1" />
                  <TrackedMethodRef uid="12" vc="1" />
                  <TrackedMethodRef uid="10" vc="1" />
                  <TrackedMethodRef uid="8" vc="1" />
                  <TrackedMethodRef uid="9" vc="1" />
                </TrackedMethodRefs>
              </MethodPoint>
            </Method>
            <Method visited="false" cyclomaticComplexity="1" nPathComplexity="0" sequenceCoverage="0" branchCoverage="0" crapScore="2" isConstructor="false" isStatic="false" isGetter="false" isSetter="false">
              <Summary numSequencePoints="3" visitedSequencePoints="0" numBranchPoints="1" visitedBranchPoints="0" sequenceCoverage="0" branchCoverage="0" maxCyclomaticComplexity="1" minCyclomaticComplexity="1" maxCrapScore="2" minCrapScore="2" visitedClasses="0" numClasses="0" visitedMethods="0" numMethods="1" />
              <MetadataToken>100663320</MetadataToken>
              <Name>System.Collections.Generic.IEnumerable`1&lt;LogbookApi.Database.Airfield&gt; LogbookApi.Providers.Implementation.AirfieldProvider::Get()</Name>
              <FileRef uid="4" />
              <SequencePoints>
                <SequencePoint vc="0" uspid="46" ordinal="0" offset="0" sl="18" sc="9" el="18" ec="10" bec="0" bev="0" fileid="4" />
                <SequencePoint vc="0" uspid="47" ordinal="1" offset="1" sl="19" sc="13" el="19" ec="47" bec="0" bev="0" fileid="4" />
                <SequencePoint vc="0" uspid="48" ordinal="2" offset="20" sl="20" sc="9" el="20" ec="10" bec="0" bev="0" fileid="4" />
              </SequencePoints>
              <BranchPoints />
              <MethodPoint xsi:type="SequencePoint" vc="0" uspid="46" ordinal="0" offset="0" sl="18" sc="9" el="18" ec="10" bec="0" bev="0" fileid="4" />
            </Method>
            <Method visited="true" cyclomaticComplexity="1" nPathComplexity="0" sequenceCoverage="100" branchCoverage="100" crapScore="1" isConstructor="false" isStatic="false" isGetter="false" isSetter="false">
              <Summary numSequencePoints="3" visitedSequencePoints="3" numBranchPoints="1" visitedBranchPoints="1" sequenceCoverage="100" branchCoverage="100" maxCyclomaticComplexity="1" minCyclomaticComplexity="1" maxCrapScore="1" minCrapScore="1" visitedClasses="0" numClasses="0" visitedMethods="1" numMethods="1" />
              <MetadataToken>100663321</MetadataToken>
              <Name>LogbookApi.Database.Airfield LogbookApi.Providers.Implementation.AirfieldProvider::Get(System.Int32)</Name>
              <FileRef uid="4" />
              <SequencePoints>
                <SequencePoint vc="2" uspid="49" ordinal="0" offset="0" sl="23" sc="9" el="23" ec="10" bec="0" bev="0" fileid="4">
                  <TrackedMethodRefs>
                    <TrackedMethodRef uid="11" vc="1" />
                    <TrackedMethodRef uid="10" vc="1" />
                  </TrackedMethodRefs>
                </SequencePoint>
                <SequencePoint vc="2" uspid="50" ordinal="1" offset="1" sl="24" sc="12" el="24" ec="46" bec="0" bev="0" fileid="4">
                  <TrackedMethodRefs>
                    <TrackedMethodRef uid="11" vc="1" />
                    <TrackedMethodRef uid="10" vc="1" />
                  </TrackedMethodRefs>
                </SequencePoint>
                <SequencePoint vc="2" uspid="51" ordinal="2" offset="35" sl="25" sc="9" el="25" ec="10" bec="0" bev="0" fileid="4">
                  <TrackedMethodRefs>
                    <TrackedMethodRef uid="11" vc="1" />
                    <TrackedMethodRef uid="10" vc="1" />
                  </TrackedMethodRefs>
                </SequencePoint>
              </SequencePoints>
              <BranchPoints />
              <MethodPoint xsi:type="SequencePoint" vc="2" uspid="49" ordinal="0" offset="0" sl="23" sc="9" el="23" ec="10" bec="0" bev="0" fileid="4">
                <TrackedMethodRefs>
                  <TrackedMethodRef uid="11" vc="1" />
                  <TrackedMethodRef uid="10" vc="1" />
                </TrackedMethodRefs>
              </MethodPoint>
            </Method>
            <Method visited="true" cyclomaticComplexity="2" nPathComplexity="2" sequenceCoverage="100" branchCoverage="100" crapScore="2" isConstructor="false" isStatic="false" isGetter="false" isSetter="false">
              <Summary numSequencePoints="9" visitedSequencePoints="9" numBranchPoints="3" visitedBranchPoints="3" sequenceCoverage="100" branchCoverage="100" maxCyclomaticComplexity="2" minCyclomaticComplexity="2" maxCrapScore="2" minCrapScore="2" visitedClasses="0" numClasses="0" visitedMethods="1" numMethods="1" />
              <MetadataToken>100663322</MetadataToken>
              <Name>LogbookApi.Database.Airfield LogbookApi.Providers.Implementation.AirfieldProvider::Save(LogbookApi.Database.Airfield)</Name>
              <FileRef uid="4" />
              <SequencePoints>
                <SequencePoint vc="3" uspid="52" ordinal="0" offset="0" sl="28" sc="9" el="28" ec="10" bec="0" bev="0" fileid="4">
                  <TrackedMethodRefs>
                    <TrackedMethodRef uid="13" vc="1" />
                    <TrackedMethodRef uid="14" vc="1" />
                    <TrackedMethodRef uid="12" vc="1" />
                  </TrackedMethodRefs>
                </SequencePoint>
                <SequencePoint vc="3" uspid="53" ordinal="1" offset="1" sl="29" sc="13" el="29" ec="32" bec="2" bev="2" fileid="4">
                  <TrackedMethodRefs>
                    <TrackedMethodRef uid="13" vc="1" />
                    <TrackedMethodRef uid="14" vc="1" />
                    <TrackedMethodRef uid="12" vc="1" />
                  </TrackedMethodRefs>
                </SequencePoint>
                <SequencePoint vc="2" uspid="54" ordinal="2" offset="14" sl="30" sc="13" el="30" ec="14" bec="0" bev="0" fileid="4">
                  <TrackedMethodRefs>
                    <TrackedMethodRef uid="13" vc="1" />
                    <TrackedMethodRef uid="12" vc="1" />
                  </TrackedMethodRefs>
                </SequencePoint>
                <SequencePoint vc="2" uspid="55" ordinal="3" offset="15" sl="31" sc="17" el="31" ec="63" bec="0" bev="0" fileid="4">
                  <TrackedMethodRefs>
                    <TrackedMethodRef uid="13" vc="1" />
                    <TrackedMethodRef uid="12" vc="1" />
                  </TrackedMethodRefs>
                </SequencePoint>
                <SequencePoint vc="2" uspid="56" ordinal="4" offset="45" sl="32" sc="17" el="32" ec="62" bec="0" bev="0" fileid="4">
                  <TrackedMethodRefs>
                    <TrackedMethodRef uid="13" vc="1" />
                    <TrackedMethodRef uid="12" vc="1" />
                  </TrackedMethodRefs>
                </SequencePoint>
                <SequencePoint vc="2" uspid="57" ordinal="5" offset="63" sl="33" sc="17" el="33" ec="40" bec="0" bev="0" fileid="4">
                  <TrackedMethodRefs>
                    <TrackedMethodRef uid="13" vc="1" />
                    <TrackedMethodRef uid="12" vc="1" />
                  </TrackedMethodRefs>
                </SequencePoint>
                <SequencePoint vc="2" uspid="58" ordinal="6" offset="75" sl="34" sc="17" el="34" ec="33" bec="0" bev="0" fileid="4">
                  <TrackedMethodRefs>
                    <TrackedMethodRef uid="13" vc="1" />
                    <TrackedMethodRef uid="12" vc="1" />
                  </TrackedMethodRefs>
                </SequencePoint>
                <SequencePoint vc="1" uspid="59" ordinal="7" offset="79" sl="37" sc="13" el="37" ec="27" bec="0" bev="0" fileid="4">
                  <TrackedMethodRefs>
                    <TrackedMethodRef uid="14" vc="1" />
                  </TrackedMethodRefs>
                </SequencePoint>
                <SequencePoint vc="3" uspid="60" ordinal="8" offset="83" sl="38" sc="9" el="38" ec="10" bec="0" bev="0" fileid="4">
                  <TrackedMethodRefs>
                    <TrackedMethodRef uid="13" vc="1" />
                    <TrackedMethodRef uid="14" vc="1" />
                    <TrackedMethodRef uid="12" vc="1" />
                  </TrackedMethodRefs>
                </SequencePoint>
              </SequencePoints>
              <BranchPoints>
                <BranchPoint vc="2" uspid="61" ordinal="0" offset="12" sl="29" path="0" offsetend="14" fileid="4">
                  <TrackedMethodRefs>
                    <TrackedMethodRef uid="13" vc="1" />
                    <TrackedMethodRef uid="12" vc="1" />
                  </TrackedMethodRefs>
                </BranchPoint>
                <BranchPoint vc="1" uspid="62" ordinal="1" offset="12" sl="29" path="1" offsetend="79" fileid="4">
                  <TrackedMethodRefs>
                    <TrackedMethodRef uid="14" vc="1" />
                  </TrackedMethodRefs>
                </BranchPoint>
              </BranchPoints>
              <MethodPoint xsi:type="SequencePoint" vc="3" uspid="52" ordinal="0" offset="0" sl="28" sc="9" el="28" ec="10" bec="0" bev="0" fileid="4">
                <TrackedMethodRefs>
                  <TrackedMethodRef uid="13" vc="1" />
                  <TrackedMethodRef uid="14" vc="1" />
                  <TrackedMethodRef uid="12" vc="1" />
                </TrackedMethodRefs>
              </MethodPoint>
            </Method>
          </Methods>
        </Class>
        <Class>
          <Summary numSequencePoints="92" visitedSequencePoints="72" numBranchPoints="40" visitedBranchPoints="33" sequenceCoverage="78.26" branchCoverage="82.5" maxCyclomaticComplexity="9" minCyclomaticComplexity="1" maxCrapScore="19.47" minCrapScore="1" visitedClasses="1" numClasses="1" visitedMethods="14" numMethods="14" />
          <FullName>LogbookApi.Providers.Implementation.FlightProvider</FullName>
          <Methods>
            <Method visited="true" cyclomaticComplexity="1" nPathComplexity="0" sequenceCoverage="100" branchCoverage="100" crapScore="1" isConstructor="true" isStatic="false" isGetter="false" isSetter="false">
              <Summary numSequencePoints="9" visitedSequencePoints="9" numBranchPoints="1" visitedBranchPoints="1" sequenceCoverage="100" branchCoverage="100" maxCyclomaticComplexity="1" minCyclomaticComplexity="1" maxCrapScore="1" minCrapScore="1" visitedClasses="0" numClasses="0" visitedMethods="1" numMethods="1" />
              <MetadataToken>100663323</MetadataToken>
              <Name>System.Void LogbookApi.Providers.Implementation.FlightProvider::.ctor(LogbookApi.Database.jetstrea_LogbookEntities,LogbookApi.Providers.IEntityProvider`1&lt;LogbookApi.Database.Airfield&gt;,LogbookApi.Providers.IEntityProvider`1&lt;LogbookApi.Database.Aircraft&gt;)</Name>
              <FileRef uid="5" />
              <SequencePoints>
                <SequencePoint vc="28" uspid="63" ordinal="0" offset="0" sl="17" sc="9" el="17" ec="152" bec="0" bev="0" fileid="5">
                  <TrackedMethodRefs>
                    <TrackedMethodRef uid="42" vc="1" />
                    <TrackedMethodRef uid="27" vc="1" />
                    <TrackedMethodRef uid="29" vc="1" />
                    <TrackedMethodRef uid="33" vc="1" />
                    <TrackedMethodRef uid="25" vc="1" />
                    <TrackedMethodRef uid="31" vc="1" />
                    <TrackedMethodRef uid="23" vc="1" />
                    <TrackedMethodRef uid="26" vc="1" />
                    <TrackedMethodRef uid="28" vc="1" />
                    <TrackedMethodRef uid="32" vc="1" />
                    <TrackedMethodRef uid="24" vc="1" />
                    <TrackedMethodRef uid="30" vc="1" />
                    <TrackedMethodRef uid="22" vc="1" />
                    <TrackedMethodRef uid="36" vc="1" />
                    <TrackedMethodRef uid="34" vc="1" />
                    <TrackedMethodRef uid="20" vc="1" />
                    <TrackedMethodRef uid="37" vc="1" />
                    <TrackedMethodRef uid="35" vc="1" />
                    <TrackedMethodRef uid="38" vc="1" />
                    <TrackedMethodRef uid="19" vc="1" />
                    <TrackedMethodRef uid="15" vc="1" />
                    <TrackedMethodRef uid="41" vc="1" />
                    <TrackedMethodRef uid="18" vc="1" />
                    <TrackedMethodRef uid="17" vc="1" />
                    <TrackedMethodRef uid="16" vc="1" />
                    <TrackedMethodRef uid="39" vc="1" />
                    <TrackedMethodRef uid="21" vc="1" />
                    <TrackedMethodRef uid="40" vc="1" />
                  </TrackedMethodRefs>
                </SequencePoint>
                <SequencePoint vc="28" uspid="64" ordinal="1" offset="7" sl="18" sc="9" el="18" ec="10" bec="0" bev="0" fileid="5">
                  <TrackedMethodRefs>
                    <TrackedMethodRef uid="42" vc="1" />
                    <TrackedMethodRef uid="27" vc="1" />
                    <TrackedMethodRef uid="29" vc="1" />
                    <TrackedMethodRef uid="33" vc="1" />
                    <TrackedMethodRef uid="25" vc="1" />
                    <TrackedMethodRef uid="31" vc="1" />
                    <TrackedMethodRef uid="23" vc="1" />
                    <TrackedMethodRef uid="26" vc="1" />
                    <TrackedMethodRef uid="28" vc="1" />
                    <TrackedMethodRef uid="32" vc="1" />
                    <TrackedMethodRef uid="24" vc="1" />
                    <TrackedMethodRef uid="30" vc="1" />
                    <TrackedMethodRef uid="22" vc="1" />
                    <TrackedMethodRef uid="36" vc="1" />
                    <TrackedMethodRef uid="34" vc="1" />
                    <TrackedMethodRef uid="20" vc="1" />
                    <TrackedMethodRef uid="37" vc="1" />
                    <TrackedMethodRef uid="35" vc="1" />
                    <TrackedMethodRef uid="38" vc="1" />
                    <TrackedMethodRef uid="19" vc="1" />
                    <TrackedMethodRef uid="15" vc="1" />
                    <TrackedMethodRef uid="41" vc="1" />
                    <TrackedMethodRef uid="18" vc="1" />
                    <TrackedMethodRef uid="17" vc="1" />
                    <TrackedMethodRef uid="16" vc="1" />
                    <TrackedMethodRef uid="39" vc="1" />
                    <TrackedMethodRef uid="21" vc="1" />
                    <TrackedMethodRef uid="40" vc="1" />
                  </TrackedMethodRefs>
                </SequencePoint>
                <SequencePoint vc="28" uspid="65" ordinal="2" offset="8" sl="19" sc="13" el="19" ec="70" bec="0" bev="0" fileid="5">
                  <TrackedMethodRefs>
                    <TrackedMethodRef uid="42" vc="1" />
                    <TrackedMethodRef uid="27" vc="1" />
                    <TrackedMethodRef uid="29" vc="1" />
                    <TrackedMethodRef uid="33" vc="1" />
                    <TrackedMethodRef uid="25" vc="1" />
                    <TrackedMethodRef uid="31" vc="1" />
                    <TrackedMethodRef uid="23" vc="1" />
                    <TrackedMethodRef uid="26" vc="1" />
                    <TrackedMethodRef uid="28" vc="1" />
                    <TrackedMethodRef uid="32" vc="1" />
                    <TrackedMethodRef uid="24" vc="1" />
                    <TrackedMethodRef uid="30" vc="1" />
                    <TrackedMethodRef uid="22" vc="1" />
                    <TrackedMethodRef uid="36" vc="1" />
                    <TrackedMethodRef uid="34" vc="1" />
                    <TrackedMethodRef uid="20" vc="1" />
                    <TrackedMethodRef uid="37" vc="1" />
                    <TrackedMethodRef uid="35" vc="1" />
                    <TrackedMethodRef uid="38" vc="1" />
                    <TrackedMethodRef uid="19" vc="1" />
                    <TrackedMethodRef uid="15" vc="1" />
                    <TrackedMethodRef uid="41" vc="1" />
                    <TrackedMethodRef uid="18" vc="1" />
                    <TrackedMethodRef uid="17" vc="1" />
                    <TrackedMethodRef uid="16" vc="1" />
                    <TrackedMethodRef uid="39" vc="1" />
                    <TrackedMethodRef uid="21" vc="1" />
                    <TrackedMethodRef uid="40" vc="1" />
                  </TrackedMethodRefs>
                </SequencePoint>
                <SequencePoint vc="27" uspid="66" ordinal="3" offset="25" sl="20" sc="13" el="20" ec="88" bec="0" bev="0" fileid="5">
                  <TrackedMethodRefs>
                    <TrackedMethodRef uid="42" vc="1" />
                    <TrackedMethodRef uid="27" vc="1" />
                    <TrackedMethodRef uid="29" vc="1" />
                    <TrackedMethodRef uid="33" vc="1" />
                    <TrackedMethodRef uid="25" vc="1" />
                    <TrackedMethodRef uid="31" vc="1" />
                    <TrackedMethodRef uid="23" vc="1" />
                    <TrackedMethodRef uid="26" vc="1" />
                    <TrackedMethodRef uid="28" vc="1" />
                    <TrackedMethodRef uid="32" vc="1" />
                    <TrackedMethodRef uid="24" vc="1" />
                    <TrackedMethodRef uid="30" vc="1" />
                    <TrackedMethodRef uid="22" vc="1" />
                    <TrackedMethodRef uid="36" vc="1" />
                    <TrackedMethodRef uid="34" vc="1" />
                    <TrackedMethodRef uid="20" vc="1" />
                    <TrackedMethodRef uid="37" vc="1" />
                    <TrackedMethodRef uid="35" vc="1" />
                    <TrackedMethodRef uid="38" vc="1" />
                    <TrackedMethodRef uid="19" vc="1" />
                    <TrackedMethodRef uid="15" vc="1" />
                    <TrackedMethodRef uid="41" vc="1" />
                    <TrackedMethodRef uid="18" vc="1" />
                    <TrackedMethodRef uid="17" vc="1" />
                    <TrackedMethodRef uid="39" vc="1" />
                    <TrackedMethodRef uid="21" vc="1" />
                    <TrackedMethodRef uid="40" vc="1" />
                  </TrackedMethodRefs>
                </SequencePoint>
                <SequencePoint vc="26" uspid="67" ordinal="4" offset="42" sl="21" sc="13" el="21" ec="88" bec="0" bev="0" fileid="5">
                  <TrackedMethodRefs>
                    <TrackedMethodRef uid="42" vc="1" />
                    <TrackedMethodRef uid="27" vc="1" />
                    <TrackedMethodRef uid="29" vc="1" />
                    <TrackedMethodRef uid="33" vc="1" />
                    <TrackedMethodRef uid="25" vc="1" />
                    <TrackedMethodRef uid="31" vc="1" />
                    <TrackedMethodRef uid="23" vc="1" />
                    <TrackedMethodRef uid="26" vc="1" />
                    <TrackedMethodRef uid="28" vc="1" />
                    <TrackedMethodRef uid="32" vc="1" />
                    <TrackedMethodRef uid="24" vc="1" />
                    <TrackedMethodRef uid="30" vc="1" />
                    <TrackedMethodRef uid="22" vc="1" />
                    <TrackedMethodRef uid="36" vc="1" />
                    <TrackedMethodRef uid="34" vc="1" />
                    <TrackedMethodRef uid="20" vc="1" />
                    <TrackedMethodRef uid="37" vc="1" />
                    <TrackedMethodRef uid="35" vc="1" />
                    <TrackedMethodRef uid="38" vc="1" />
                    <TrackedMethodRef uid="19" vc="1" />
                    <TrackedMethodRef uid="15" vc="1" />
                    <TrackedMethodRef uid="41" vc="1" />
                    <TrackedMethodRef uid="18" vc="1" />
                    <TrackedMethodRef uid="39" vc="1" />
                    <TrackedMethodRef uid="21" vc="1" />
                    <TrackedMethodRef uid="40" vc="1" />
                  </TrackedMethodRefs>
                </SequencePoint>
                <SequencePoint vc="25" uspid="68" ordinal="5" offset="59" sl="23" sc="13" el="23" ec="32" bec="0" bev="0" fileid="5">
                  <TrackedMethodRefs>
                    <TrackedMethodRef uid="42" vc="1" />
                    <TrackedMethodRef uid="27" vc="1" />
                    <TrackedMethodRef uid="29" vc="1" />
                    <TrackedMethodRef uid="33" vc="1" />
                    <TrackedMethodRef uid="25" vc="1" />
                    <TrackedMethodRef uid="31" vc="1" />
                    <TrackedMethodRef uid="23" vc="1" />
                    <TrackedMethodRef uid="26" vc="1" />
                    <TrackedMethodRef uid="28" vc="1" />
                    <TrackedMethodRef uid="32" vc="1" />
                    <TrackedMethodRef uid="24" vc="1" />
                    <TrackedMethodRef uid="30" vc="1" />
                    <TrackedMethodRef uid="22" vc="1" />
                    <TrackedMethodRef uid="36" vc="1" />
                    <TrackedMethodRef uid="34" vc="1" />
                    <TrackedMethodRef uid="20" vc="1" />
                    <TrackedMethodRef uid="37" vc="1" />
                    <TrackedMethodRef uid="35" vc="1" />
                    <TrackedMethodRef uid="38" vc="1" />
                    <TrackedMethodRef uid="19" vc="1" />
                    <TrackedMethodRef uid="15" vc="1" />
                    <TrackedMethodRef uid="41" vc="1" />
                    <TrackedMethodRef uid="39" vc="1" />
                    <TrackedMethodRef uid="21" vc="1" />
                    <TrackedMethodRef uid="40" vc="1" />
                  </TrackedMethodRefs>
                </SequencePoint>
                <SequencePoint vc="25" uspid="69" ordinal="6" offset="66" sl="24" sc="13" el="24" ec="50" bec="0" bev="0" fileid="5">
                  <TrackedMethodRefs>
                    <TrackedMethodRef uid="42" vc="1" />
                    <TrackedMethodRef uid="27" vc="1" />
                    <TrackedMethodRef uid="29" vc="1" />
                    <TrackedMethodRef uid="33" vc="1" />
                    <TrackedMethodRef uid="25" vc="1" />
                    <TrackedMethodRef uid="31" vc="1" />
                    <TrackedMethodRef uid="23" vc="1" />
                    <TrackedMethodRef uid="26" vc="1" />
                    <TrackedMethodRef uid="28" vc="1" />
                    <TrackedMethodRef uid="32" vc="1" />
                    <TrackedMethodRef uid="24" vc="1" />
                    <TrackedMethodRef uid="30" vc="1" />
                    <TrackedMethodRef uid="22" vc="1" />
                    <TrackedMethodRef uid="36" vc="1" />
                    <TrackedMethodRef uid="34" vc="1" />
                    <TrackedMethodRef uid="20" vc="1" />
                    <TrackedMethodRef uid="37" vc="1" />
                    <TrackedMethodRef uid="35" vc="1" />
                    <TrackedMethodRef uid="38" vc="1" />
                    <TrackedMethodRef uid="19" vc="1" />
                    <TrackedMethodRef uid="15" vc="1" />
                    <TrackedMethodRef uid="41" vc="1" />
                    <TrackedMethodRef uid="39" vc="1" />
                    <TrackedMethodRef uid="21" vc="1" />
                    <TrackedMethodRef uid="40" vc="1" />
                  </TrackedMethodRefs>
                </SequencePoint>
                <SequencePoint vc="25" uspid="70" ordinal="7" offset="73" sl="25" sc="13" el="25" ec="50" bec="0" bev="0" fileid="5">
                  <TrackedMethodRefs>
                    <TrackedMethodRef uid="42" vc="1" />
                    <TrackedMethodRef uid="27" vc="1" />
                    <TrackedMethodRef uid="29" vc="1" />
                    <TrackedMethodRef uid="33" vc="1" />
                    <TrackedMethodRef uid="25" vc="1" />
                    <TrackedMethodRef uid="31" vc="1" />
                    <TrackedMethodRef uid="23" vc="1" />
                    <TrackedMethodRef uid="26" vc="1" />
                    <TrackedMethodRef uid="28" vc="1" />
                    <TrackedMethodRef uid="32" vc="1" />
                    <TrackedMethodRef uid="24" vc="1" />
                    <TrackedMethodRef uid="30" vc="1" />
                    <TrackedMethodRef uid="22" vc="1" />
                    <TrackedMethodRef uid="36" vc="1" />
                    <TrackedMethodRef uid="34" vc="1" />
                    <TrackedMethodRef uid="20" vc="1" />
                    <TrackedMethodRef uid="37" vc="1" />
                    <TrackedMethodRef uid="35" vc="1" />
                    <TrackedMethodRef uid="38" vc="1" />
                    <TrackedMethodRef uid="19" vc="1" />
                    <TrackedMethodRef uid="15" vc="1" />
                    <TrackedMethodRef uid="41" vc="1" />
                    <TrackedMethodRef uid="39" vc="1" />
                    <TrackedMethodRef uid="21" vc="1" />
                    <TrackedMethodRef uid="40" vc="1" />
                  </TrackedMethodRefs>
                </SequencePoint>
                <SequencePoint vc="25" uspid="71" ordinal="8" offset="80" sl="26" sc="9" el="26" ec="10" bec="0" bev="0" fileid="5">
                  <TrackedMethodRefs>
                    <TrackedMethodRef uid="42" vc="1" />
                    <TrackedMethodRef uid="27" vc="1" />
                    <TrackedMethodRef uid="29" vc="1" />
                    <TrackedMethodRef uid="33" vc="1" />
                    <TrackedMethodRef uid="25" vc="1" />
                    <TrackedMethodRef uid="31" vc="1" />
                    <TrackedMethodRef uid="23" vc="1" />
                    <TrackedMethodRef uid="26" vc="1" />
                    <TrackedMethodRef uid="28" vc="1" />
                    <TrackedMethodRef uid="32" vc="1" />
                    <TrackedMethodRef uid="24" vc="1" />
                    <TrackedMethodRef uid="30" vc="1" />
                    <TrackedMethodRef uid="22" vc="1" />
                    <TrackedMethodRef uid="36" vc="1" />
                    <TrackedMethodRef uid="34" vc="1" />
                    <TrackedMethodRef uid="20" vc="1" />
                    <TrackedMethodRef uid="37" vc="1" />
                    <TrackedMethodRef uid="35" vc="1" />
                    <TrackedMethodRef uid="38" vc="1" />
                    <TrackedMethodRef uid="19" vc="1" />
                    <TrackedMethodRef uid="15" vc="1" />
                    <TrackedMethodRef uid="41" vc="1" />
                    <TrackedMethodRef uid="39" vc="1" />
                    <TrackedMethodRef uid="21" vc="1" />
                    <TrackedMethodRef uid="40" vc="1" />
                  </TrackedMethodRefs>
                </SequencePoint>
              </SequencePoints>
              <BranchPoints />
              <MethodPoint xsi:type="SequencePoint" vc="28" uspid="63" ordinal="0" offset="0" sl="17" sc="9" el="17" ec="152" bec="0" bev="0" fileid="5">
                <TrackedMethodRefs>
                  <TrackedMethodRef uid="42" vc="1" />
                  <TrackedMethodRef uid="27" vc="1" />
                  <TrackedMethodRef uid="29" vc="1" />
                  <TrackedMethodRef uid="33" vc="1" />
                  <TrackedMethodRef uid="25" vc="1" />
                  <TrackedMethodRef uid="31" vc="1" />
                  <TrackedMethodRef uid="23" vc="1" />
                  <TrackedMethodRef uid="26" vc="1" />
                  <TrackedMethodRef uid="28" vc="1" />
                  <TrackedMethodRef uid="32" vc="1" />
                  <TrackedMethodRef uid="24" vc="1" />
                  <TrackedMethodRef uid="30" vc="1" />
                  <TrackedMethodRef uid="22" vc="1" />
                  <TrackedMethodRef uid="36" vc="1" />
                  <TrackedMethodRef uid="34" vc="1" />
                  <TrackedMethodRef uid="20" vc="1" />
                  <TrackedMethodRef uid="37" vc="1" />
                  <TrackedMethodRef uid="35" vc="1" />
                  <TrackedMethodRef uid="38" vc="1" />
                  <TrackedMethodRef uid="19" vc="1" />
                  <TrackedMethodRef uid="15" vc="1" />
                  <TrackedMethodRef uid="41" vc="1" />
                  <TrackedMethodRef uid="18" vc="1" />
                  <TrackedMethodRef uid="17" vc="1" />
                  <TrackedMethodRef uid="16" vc="1" />
                  <TrackedMethodRef uid="39" vc="1" />
                  <TrackedMethodRef uid="21" vc="1" />
                  <TrackedMethodRef uid="40" vc="1" />
                </TrackedMethodRefs>
              </MethodPoint>
            </Method>
            <Method visited="true" cyclomaticComplexity="9" nPathComplexity="256" sequenceCoverage="100" branchCoverage="100" crapScore="9" isConstructor="false" isStatic="false" isGetter="false" isSetter="false">
              <Summary numSequencePoints="20" visitedSequencePoints="20" numBranchPoints="17" visitedBranchPoints="17" sequenceCoverage="100" branchCoverage="100" maxCyclomaticComplexity="9" minCyclomaticComplexity="9" maxCrapScore="9" minCrapScore="9" visitedClasses="0" numClasses="0" visitedMethods="1" numMethods="1" />
              <MetadataToken>100663324</MetadataToken>
              <Name>System.Collections.Generic.List`1&lt;LogbookApi.Database.Flight&gt; LogbookApi.Providers.Implementation.FlightProvider::GetFilteredFlights(LogbookApi.Models.FlightFilter)</Name>
              <FileRef uid="5" />
              <SequencePoints>
                <SequencePoint vc="18" uspid="72" ordinal="0" offset="0" sl="29" sc="9" el="29" ec="10" bec="0" bev="0" fileid="5">
                  <TrackedMethodRefs>
                    <TrackedMethodRef uid="27" vc="1" />
                    <TrackedMethodRef uid="29" vc="1" />
                    <TrackedMethodRef uid="33" vc="1" />
                    <TrackedMethodRef uid="25" vc="1" />
                    <TrackedMethodRef uid="31" vc="1" />
                    <TrackedMethodRef uid="23" vc="1" />
                    <TrackedMethodRef uid="26" vc="1" />
                    <TrackedMethodRef uid="28" vc="1" />
                    <TrackedMethodRef uid="32" vc="1" />
                    <TrackedMethodRef uid="24" vc="1" />
                    <TrackedMethodRef uid="30" vc="1" />
                    <TrackedMethodRef uid="22" vc="1" />
                    <TrackedMethodRef uid="36" vc="1" />
                    <TrackedMethodRef uid="34" vc="1" />
                    <TrackedMethodRef uid="37" vc="1" />
                    <TrackedMethodRef uid="35" vc="1" />
                    <TrackedMethodRef uid="38" vc="1" />
                    <TrackedMethodRef uid="21" vc="1" />
                  </TrackedMethodRefs>
                </SequencePoint>
                <SequencePoint vc="18" uspid="73" ordinal="1" offset="1" sl="30" sc="13" el="30" ec="35" bec="2" bev="2" fileid="5">
                  <TrackedMethodRefs>
                    <TrackedMethodRef uid="27" vc="1" />
                    <TrackedMethodRef uid="29" vc="1" />
                    <TrackedMethodRef uid="33" vc="1" />
                    <TrackedMethodRef uid="25" vc="1" />
                    <TrackedMethodRef uid="31" vc="1" />
                    <TrackedMethodRef uid="23" vc="1" />
                    <TrackedMethodRef uid="26" vc="1" />
                    <TrackedMethodRef uid="28" vc="1" />
                    <TrackedMethodRef uid="32" vc="1" />
                    <TrackedMethodRef uid="24" vc="1" />
                    <TrackedMethodRef uid="30" vc="1" />
                    <TrackedMethodRef uid="22" vc="1" />
                    <TrackedMethodRef uid="36" vc="1" />
                    <TrackedMethodRef uid="34" vc="1" />
                    <TrackedMethodRef uid="37" vc="1" />
                    <TrackedMethodRef uid="35" vc="1" />
                    <TrackedMethodRef uid="38" vc="1" />
                    <TrackedMethodRef uid="21" vc="1" />
                  </TrackedMethodRefs>
                </SequencePoint>
                <SequencePoint vc="1" uspid="74" ordinal="2" offset="14" sl="30" sc="36" el="30" ec="73" bec="0" bev="0" fileid="5">
                  <TrackedMethodRefs>
                    <TrackedMethodRef uid="21" vc="1" />
                  </TrackedMethodRefs>
                </SequencePoint>
                <SequencePoint vc="17" uspid="75" ordinal="3" offset="25" sl="32" sc="13" el="32" ec="43" bec="0" bev="0" fileid="5">
                  <TrackedMethodRefs>
                    <TrackedMethodRef uid="27" vc="1" />
                    <TrackedMethodRef uid="29" vc="1" />
                    <TrackedMethodRef uid="33" vc="1" />
                    <TrackedMethodRef uid="25" vc="1" />
                    <TrackedMethodRef uid="31" vc="1" />
                    <TrackedMethodRef uid="23" vc="1" />
                    <TrackedMethodRef uid="26" vc="1" />
                    <TrackedMethodRef uid="28" vc="1" />
                    <TrackedMethodRef uid="32" vc="1" />
                    <TrackedMethodRef uid="24" vc="1" />
                    <TrackedMethodRef uid="30" vc="1" />
                    <TrackedMethodRef uid="22" vc="1" />
                    <TrackedMethodRef uid="36" vc="1" />
                    <TrackedMethodRef uid="34" vc="1" />
                    <TrackedMethodRef uid="37" vc="1" />
                    <TrackedMethodRef uid="35" vc="1" />
                    <TrackedMethodRef uid="38" vc="1" />
                  </TrackedMethodRefs>
                </SequencePoint>
                <SequencePoint vc="17" uspid="76" ordinal="4" offset="32" sl="34" sc="13" el="34" ec="92" bec="2" bev="2" fileid="5">
                  <TrackedMethodRefs>
                    <TrackedMethodRef uid="27" vc="1" />
                    <TrackedMethodRef uid="29" vc="1" />
                    <TrackedMethodRef uid="33" vc="1" />
                    <TrackedMethodRef uid="25" vc="1" />
                    <TrackedMethodRef uid="31" vc="1" />
                    <TrackedMethodRef uid="23" vc="1" />
                    <TrackedMethodRef uid="26" vc="1" />
                    <TrackedMethodRef uid="28" vc="1" />
                    <TrackedMethodRef uid="32" vc="1" />
                    <TrackedMethodRef uid="24" vc="1" />
                    <TrackedMethodRef uid="30" vc="1" />
                    <TrackedMethodRef uid="22" vc="1" />
                    <TrackedMethodRef uid="36" vc="1" />
                    <TrackedMethodRef uid="34" vc="1" />
                    <TrackedMethodRef uid="37" vc="1" />
                    <TrackedMethodRef uid="35" vc="1" />
                    <TrackedMethodRef uid="38" vc="1" />
                  </TrackedMethodRefs>
                </SequencePoint>
                <SequencePoint vc="4" uspid="77" ordinal="5" offset="47" sl="34" sc="93" el="34" ec="139" bec="0" bev="0" fileid="5">
                  <TrackedMethodRefs>
                    <TrackedMethodRef uid="23" vc="1" />
                    <TrackedMethodRef uid="22" vc="1" />
                    <TrackedMethodRef uid="34" vc="1" />
                    <TrackedMethodRef uid="35" vc="1" />
                  </TrackedMethodRefs>
                </SequencePoint>
                <SequencePoint vc="17" uspid="78" ordinal="6" offset="56" sl="35" sc="13" el="35" ec="88" bec="2" bev="2" fileid="5">
                  <TrackedMethodRefs>
[...]
            </Method>
            <Method skippedDueTo="AutoImplementedProperty" visited="false" cyclomaticComplexity="1" nPathComplexity="0" sequenceCoverage="0" branchCoverage="0" crapScore="0" isConstructor="false" isStatic="false" isGetter="true" isSetter="false">
              <MetadataToken>100663581</MetadataToken>
              <Name>System.Collections.Generic.ICollection`1&lt;LogbookApi.Database.Flight&gt; LogbookApi.Database.Page::get_Flight()</Name>
              <FileRef uid="56" />
              <SequencePoints />
              <BranchPoints />
            </Method>
            <Method skippedDueTo="AutoImplementedProperty" visited="false" cyclomaticComplexity="1" nPathComplexity="0" sequenceCoverage="0" branchCoverage="0" crapScore="0" isConstructor="false" isStatic="false" isGetter="false" isSetter="true">
              <MetadataToken>100663582</MetadataToken>
              <Name>System.Void LogbookApi.Database.Page::set_Flight(System.Collections.Generic.ICollection`1&lt;LogbookApi.Database.Flight&gt;)</Name>
              <FileRef uid="56" />
              <SequencePoints />
              <BranchPoints />
            </Method>
            <Method visited="true" cyclomaticComplexity="1" nPathComplexity="0" sequenceCoverage="100" branchCoverage="100" crapScore="1" isConstructor="true" isStatic="false" isGetter="false" isSetter="false">
              <Summary numSequencePoints="4" visitedSequencePoints="4" numBranchPoints="1" visitedBranchPoints="1" sequenceCoverage="100" branchCoverage="100" maxCyclomaticComplexity="1" minCyclomaticComplexity="1" maxCrapScore="1" minCrapScore="1" visitedClasses="0" numClasses="0" visitedMethods="1" numMethods="1" />
              <MetadataToken>100663560</MetadataToken>
              <Name>System.Void LogbookApi.Database.Page::.ctor()</Name>
              <FileRef uid="56" />
              <SequencePoints>
                <SequencePoint vc="5" uspid="614" ordinal="0" offset="0" sl="18" sc="9" el="18" ec="22" bec="0" bev="0" fileid="56">
                  <TrackedMethodRefs>
                    <TrackedMethodRef uid="86" vc="3" />
                    <TrackedMethodRef uid="46" vc="1" />
                    <TrackedMethodRef uid="48" vc="1" />
                  </TrackedMethodRefs>
                </SequencePoint>
                <SequencePoint vc="5" uspid="615" ordinal="1" offset="7" sl="19" sc="9" el="19" ec="10" bec="0" bev="0" fileid="56">
                  <TrackedMethodRefs>
                    <TrackedMethodRef uid="86" vc="3" />
                    <TrackedMethodRef uid="46" vc="1" />
                    <TrackedMethodRef uid="48" vc="1" />
                  </TrackedMethodRefs>
                </SequencePoint>
                <SequencePoint vc="5" uspid="616" ordinal="2" offset="8" sl="20" sc="13" el="20" ec="49" bec="0" bev="0" fileid="56">
                  <TrackedMethodRefs>
                    <TrackedMethodRef uid="86" vc="3" />
                    <TrackedMethodRef uid="46" vc="1" />
                    <TrackedMethodRef uid="48" vc="1" />
                  </TrackedMethodRefs>
                </SequencePoint>
                <SequencePoint vc="5" uspid="617" ordinal="3" offset="20" sl="21" sc="9" el="21" ec="10" bec="0" bev="0" fileid="56">
                  <TrackedMethodRefs>
                    <TrackedMethodRef uid="86" vc="3" />
                    <TrackedMethodRef uid="46" vc="1" />
                    <TrackedMethodRef uid="48" vc="1" />
                  </TrackedMethodRefs>
                </SequencePoint>
              </SequencePoints>
              <BranchPoints />
              <MethodPoint xsi:type="SequencePoint" vc="5" uspid="614" ordinal="0" offset="0" sl="18" sc="9" el="18" ec="22" bec="0" bev="0" fileid="56">
                <TrackedMethodRefs>
                  <TrackedMethodRef uid="86" vc="3" />
                  <TrackedMethodRef uid="46" vc="1" />
                  <TrackedMethodRef uid="48" vc="1" />
                </TrackedMethodRefs>
              </MethodPoint>
            </Method>
          </Methods>
        </Class>
        <Class>
          <Summary numSequencePoints="0" visitedSequencePoints="0" numBranchPoints="0" visitedBranchPoints="0" sequenceCoverage="0" branchCoverage="0" maxCyclomaticComplexity="1" minCyclomaticComplexity="1" maxCrapScore="2" minCrapScore="2" visitedClasses="0" numClasses="0" visitedMethods="0" numMethods="0" />
          <FullName>LogbookApi.Database.Totals</FullName>
          <Methods>
            <Method skippedDueTo="AutoImplementedProperty" visited="false" cyclomaticComplexity="1" nPathComplexity="0" sequenceCoverage="0" branchCoverage="0" crapScore="0" isConstructor="false" isStatic="false" isGetter="true" isSetter="false">
              <MetadataToken>100663583</MetadataToken>
              <Name>System.Int32 LogbookApi.Database.Totals::get_ID()</Name>
              <FileRef uid="57" />
              <SequencePoints />
              <BranchPoints />
            </Method>
            <Method skippedDueTo="AutoImplementedProperty" visited="false" cyclomaticComplexity="1" nPathComplexity="0" sequenceCoverage="0" branchCoverage="0" crapScore="0" isConstructor="false" isStatic="false" isGetter="false" isSetter="true">
              <MetadataToken>100663584</MetadataToken>
              <Name>System.Void LogbookApi.Database.Totals::set_ID(System.Int32)</Name>
              <FileRef uid="57" />
              <SequencePoints />
              <BranchPoints />
            </Method>
            <Method skippedDueTo="AutoImplementedProperty" visited="false" cyclomaticComplexity="1" nPathComplexity="0" sequenceCoverage="0" branchCoverage="0" crapScore="0" isConstructor="false" isStatic="false" isGetter="true" isSetter="false">
              <MetadataToken>100663585</MetadataToken>
              <Name>System.Int32 LogbookApi.Database.Totals::get_TotalMin()</Name>
              <FileRef uid="57" />
              <SequencePoints />
              <BranchPoints />
            </Method>
            <Method skippedDueTo="AutoImplementedProperty" visited="false" cyclomaticComplexity="1" nPathComplexity="0" sequenceCoverage="0" branchCoverage="0" crapScore="0" isConstructor="false" isStatic="false" isGetter="false" isSetter="true">
              <MetadataToken>100663586</MetadataToken>
              <Name>System.Void LogbookApi.Database.Totals::set_TotalMin(System.Int32)</Name>
              <FileRef uid="57" />
              <SequencePoints />
              <BranchPoints />
            </Method>
            <Method skippedDueTo="AutoImplementedProperty" visited="false" cyclomaticComplexity="1" nPathComplexity="0" sequenceCoverage="0" branchCoverage="0" crapScore="0" isConstructor="false" isStatic="false" isGetter="true" isSetter="false">
              <MetadataToken>100663587</MetadataToken>
              <Name>System.Int32 LogbookApi.Database.Totals::get_P1SMin()</Name>
              <FileRef uid="57" />
              <SequencePoints />
              <BranchPoints />
            </Method>
            <Method skippedDueTo="AutoImplementedProperty" visited="false" cyclomaticComplexity="1" nPathComplexity="0" sequenceCoverage="0" branchCoverage="0" crapScore="0" isConstructor="false" isStatic="false" isGetter="false" isSetter="true">
              <MetadataToken>100663588</MetadataToken>
              <Name>System.Void LogbookApi.Database.Totals::set_P1SMin(System.Int32)</Name>
              <FileRef uid="57" />
              <SequencePoints />
              <BranchPoints />
            </Method>
            <Method skippedDueTo="AutoImplementedProperty" visited="false" cyclomaticComplexity="1" nPathComplexity="0" sequenceCoverage="0" branchCoverage="0" crapScore="0" isConstructor="false" isStatic="false" isGetter="true" isSetter="false">
              <MetadataToken>100663589</MetadataToken>
              <Name>System.Int32 LogbookApi.Database.Totals::get_P1SFlight()</Name>
              <FileRef uid="57" />
              <SequencePoints />
              <BranchPoints />
            </Method>
            <Method skippedDueTo="AutoImplementedProperty" visited="false" cyclomaticComplexity="1" nPathComplexity="0" sequenceCoverage="0" branchCoverage="0" crapScore="0" isConstructor="false" isStatic="false" isGetter="false" isSetter="true">
              <MetadataToken>100663590</MetadataToken>
              <Name>System.Void LogbookApi.Database.Totals::set_P1SFlight(System.Int32)</Name>
              <FileRef uid="57" />
              <SequencePoints />
              <BranchPoints />
            </Method>
            <Method skippedDueTo="AutoImplementedProperty" visited="false" cyclomaticComplexity="1" nPathComplexity="0" sequenceCoverage="0" branchCoverage="0" crapScore="0" isConstructor="false" isStatic="false" isGetter="true" isSetter="false">
              <MetadataToken>100663591</MetadataToken>
              <Name>System.Int32 LogbookApi.Database.Totals::get_P1MMin()</Name>
              <FileRef uid="57" />
              <SequencePoints />
              <BranchPoints />
            </Method>
            <Method skippedDueTo="AutoImplementedProperty" visited="false" cyclomaticComplexity="1" nPathComplexity="0" sequenceCoverage="0" branchCoverage="0" crapScore="0" isConstructor="false" isStatic="false" isGetter="false" isSetter="true">
              <MetadataToken>100663592</MetadataToken>
              <Name>System.Void LogbookApi.Database.Totals::set_P1MMin(System.Int32)</Name>
              <FileRef uid="57" />
              <SequencePoints />
              <BranchPoints />
            </Method>
            <Method skippedDueTo="AutoImplementedProperty" visited="false" cyclomaticComplexity="1" nPathComplexity="0" sequenceCoverage="0" branchCoverage="0" crapScore="0" isConstructor="false" isStatic="false" isGetter="true" isSetter="false">
              <MetadataToken>100663593</MetadataToken>
              <Name>System.Int32 LogbookApi.Database.Totals::get_P1MFlight()</Name>
              <FileRef uid="57" />
              <SequencePoints />
              <BranchPoints />
            </Method>
            <Method skippedDueTo="AutoImplementedProperty" visited="false" cyclomaticComplexity="1" nPathComplexity="0" sequenceCoverage="0" branchCoverage="0" crapScore="0" isConstructor="false" isStatic="false" isGetter="false" isSetter="true">
              <MetadataToken>100663594</MetadataToken>
              <Name>System.Void LogbookApi.Database.Totals::set_P1MFlight(System.Int32)</Name>
              <FileRef uid="57" />
              <SequencePoints />
              <BranchPoints />
            </Method>
            <Method skippedDueTo="AutoImplementedProperty" visited="false" cyclomaticComplexity="1" nPathComplexity="0" sequenceCoverage="0" branchCoverage="0" crapScore="0" isConstructor="false" isStatic="false" isGetter="true" isSetter="false">
              <MetadataToken>100663595</MetadataToken>
              <Name>System.Int32 LogbookApi.Database.Totals::get_P2Min()</Name>
              <FileRef uid="57" />
              <SequencePoints />
              <BranchPoints />
            </Method>
            <Method skippedDueTo="AutoImplementedProperty" visited="false" cyclomaticComplexity="1" nPathComplexity="0" sequenceCoverage="0" branchCoverage="0" crapScore="0" isConstructor="false" isStatic="false" isGetter="false" isSetter="true">
              <MetadataToken>100663596</MetadataToken>
              <Name>System.Void LogbookApi.Database.Totals::set_P2Min(System.Int32)</Name>
              <FileRef uid="57" />
              <SequencePoints />
              <BranchPoints />
            </Method>
            <Method skippedDueTo="AutoImplementedProperty" visited="false" cyclomaticComplexity="1" nPathComplexity="0" sequenceCoverage="0" branchCoverage="0" crapScore="0" isConstructor="false" isStatic="false" isGetter="true" isSetter="false">
              <MetadataToken>100663597</MetadataToken>
              <Name>System.Int32 LogbookApi.Database.Totals::get_P2Flight()</Name>
              <FileRef uid="57" />
              <SequencePoints />
              <BranchPoints />
            </Method>
            <Method skippedDueTo="AutoImplementedProperty" visited="false" cyclomaticComplexity="1" nPathComplexity="0" sequenceCoverage="0" branchCoverage="0" crapScore="0" isConstructor="false" isStatic="false" isGetter="false" isSetter="true">
              <MetadataToken>100663598</MetadataToken>
              <Name>System.Void LogbookApi.Database.Totals::set_P2Flight(System.Int32)</Name>
              <FileRef uid="57" />
              <SequencePoints />
              <BranchPoints />
            </Method>
            <Method skippedDueTo="AutoImplementedProperty" visited="false" cyclomaticComplexity="1" nPathComplexity="0" sequenceCoverage="0" branchCoverage="0" crapScore="0" isConstructor="false" isStatic="false" isGetter="true" isSetter="false">
              <MetadataToken>100663599</MetadataToken>
              <Name>System.String LogbookApi.Database.Totals::get_Name()</Name>
              <FileRef uid="57" />
              <SequencePoints />
              <BranchPoints />
            </Method>
            <Method skippedDueTo="AutoImplementedProperty" visited="false" cyclomaticComplexity="1" nPathComplexity="0" sequenceCoverage="0" branchCoverage="0" crapScore="0" isConstructor="false" isStatic="false" isGetter="false" isSetter="true">
              <MetadataToken>100663600</MetadataToken>
              <Name>System.Void LogbookApi.Database.Totals::set_Name(System.String)</Name>
              <FileRef uid="57" />
              <SequencePoints />
              <BranchPoints />
            </Method>
            <Method skippedDueTo="AutoImplementedProperty" visited="false" cyclomaticComplexity="1" nPathComplexity="0" sequenceCoverage="0" branchCoverage="0" crapScore="0" isConstructor="false" isStatic="false" isGetter="true" isSetter="false">
              <MetadataToken>100663601</MetadataToken>
              <Name>System.DateTime LogbookApi.Database.Totals::get_DateCreated()</Name>
              <FileRef uid="57" />
              <SequencePoints />
              <BranchPoints />
            </Method>
            <Method skippedDueTo="AutoImplementedProperty" visited="false" cyclomaticComplexity="1" nPathComplexity="0" sequenceCoverage="0" branchCoverage="0" crapScore="0" isConstructor="false" isStatic="false" isGetter="false" isSetter="true">
              <MetadataToken>100663602</MetadataToken>
              <Name>System.Void LogbookApi.Database.Totals::set_DateCreated(System.DateTime)</Name>
              <FileRef uid="57" />
              <SequencePoints />
              <BranchPoints />
            </Method>
            <Method skippedDueTo="AutoImplementedProperty" visited="false" cyclomaticComplexity="1" nPathComplexity="0" sequenceCoverage="0" branchCoverage="0" crapScore="0" isConstructor="false" isStatic="false" isGetter="true" isSetter="false">
              <MetadataToken>100663603</MetadataToken>
              <Name>System.Boolean LogbookApi.Database.Totals::get_Recalc()</Name>
              <FileRef uid="57" />
              <SequencePoints />
              <BranchPoints />
            </Method>
            <Method skippedDueTo="AutoImplementedProperty" visited="false" cyclomaticComplexity="1" nPathComplexity="0" sequenceCoverage="0" branchCoverage="0" crapScore="0" isConstructor="false" isStatic="false" isGetter="false" isSetter="true">
              <MetadataToken>100663604</MetadataToken>
              <Name>System.Void LogbookApi.Database.Totals::set_Recalc(System.Boolean)</Name>
              <FileRef uid="57" />
              <SequencePoints />
              <BranchPoints />
            </Method>
            <Method visited="false" cyclomaticComplexity="1" nPathComplexity="0" sequenceCoverage="0" branchCoverage="0" crapScore="2" isConstructor="true" isStatic="false" isGetter="false" isSetter="false">
              <Summary numSequencePoints="0" visitedSequencePoints="0" numBranchPoints="0" visitedBranchPoints="0" sequenceCoverage="0" branchCoverage="0" maxCyclomaticComplexity="1" minCyclomaticComplexity="1" maxCrapScore="2" minCrapScore="2" visitedClasses="0" numClasses="0" visitedMethods="0" numMethods="0" />
              <MetadataToken>100663605</MetadataToken>
              <Name>System.Void LogbookApi.Database.Totals::.ctor()</Name>
              <SequencePoints />
              <BranchPoints />
              <MethodPoint vc="0" uspid="618" ordinal="0" offset="0" />
            </Method>
          </Methods>
        </Class>
        <Class>
          <Summary numSequencePoints="0" visitedSequencePoints="0" numBranchPoints="0" visitedBranchPoints="0" sequenceCoverage="0" branchCoverage="0" maxCyclomaticComplexity="1" minCyclomaticComplexity="1" maxCrapScore="2" minCrapScore="2" visitedClasses="0" numClasses="0" visitedMethods="0" numMethods="0" />
          <FullName>LogbookApi.Database.Trace</FullName>
          <Methods>
            <Method skippedDueTo="AutoImplementedProperty" visited="false" cyclomaticComplexity="1" nPathComplexity="0" sequenceCoverage="0" branchCoverage="0" crapScore="0" isConstructor="false" isStatic="false" isGetter="true" isSetter="false">
              <MetadataToken>100663606</MetadataToken>
              <Name>System.Int32 LogbookApi.Database.Trace::get_FlightNumber()</Name>
              <FileRef uid="58" />
              <SequencePoints />
              <BranchPoints />
            </Method>
            <Method skippedDueTo="AutoImplementedProperty" visited="false" cyclomaticComplexity="1" nPathComplexity="0" sequenceCoverage="0" branchCoverage="0" crapScore="0" isConstructor="false" isStatic="false" isGetter="false" isSetter="true">
              <MetadataToken>100663607</MetadataToken>
              <Name>System.Void LogbookApi.Database.Trace::set_FlightNumber(System.Int32)</Name>
              <FileRef uid="58" />
              <SequencePoints />
              <BranchPoints />
            </Method>
            <Method skippedDueTo="AutoImplementedProperty" visited="false" cyclomaticComplexity="1" nPathComplexity="0" sequenceCoverage="0" branchCoverage="0" crapScore="0" isConstructor="false" isStatic="false" isGetter="true" isSetter="false">
              <MetadataToken>100663608</MetadataToken>
              <Name>System.String LogbookApi.Database.Trace::get_TraceFile()</Name>
              <FileRef uid="58" />
              <SequencePoints />
              <BranchPoints />
            </Method>
            <Method skippedDueTo="AutoImplementedProperty" visited="false" cyclomaticComplexity="1" nPathComplexity="0" sequenceCoverage="0" branchCoverage="0" crapScore="0" isConstructor="false" isStatic="false" isGetter="false" isSetter="true">
              <MetadataToken>100663609</MetadataToken>
              <Name>System.Void LogbookApi.Database.Trace::set_TraceFile(System.String)</Name>
              <FileRef uid="58" />
              <SequencePoints />
              <BranchPoints />
            </Method>
            <Method visited="false" cyclomaticComplexity="1" nPathComplexity="0" sequenceCoverage="0" branchCoverage="0" crapScore="2" isConstructor="true" isStatic="false" isGetter="false" isSetter="false">
              <Summary numSequencePoints="0" visitedSequencePoints="0" numBranchPoints="0" visitedBranchPoints="0" sequenceCoverage="0" branchCoverage="0" maxCyclomaticComplexity="1" minCyclomaticComplexity="1" maxCrapScore="2" minCrapScore="2" visitedClasses="0" numClasses="0" visitedMethods="0" numMethods="0" />
              <MetadataToken>100663610</MetadataToken>
              <Name>System.Void LogbookApi.Database.Trace::.ctor()</Name>
              <SequencePoints />
              <BranchPoints />
              <MethodPoint vc="0" uspid="619" ordinal="0" offset="0" />
            </Method>
          </Methods>
        </Class>
      </Classes>
      <TrackedMethods />
    </Module>
  </Modules>
</CoverageSession>